{"/home/travis/build/npmtest/node-npmtest-node-sass/test.js":{"path":"/home/travis/build/npmtest/node-npmtest-node-sass/test.js","s":{"1":2,"2":2,"3":2,"4":2,"5":2,"6":2,"7":2,"8":1,"9":2,"10":2,"11":1,"12":1,"13":1,"14":1,"15":2,"16":2,"17":2,"18":2,"19":1,"20":1,"21":2,"22":2,"23":2,"24":1,"25":1,"26":1,"27":1,"28":1,"29":1,"30":1,"31":1,"32":1,"33":1,"34":1,"35":1,"36":1,"37":2,"38":2,"39":1,"40":2,"41":2,"42":1,"43":2,"44":2,"45":1,"46":2,"47":2,"48":1,"49":1,"50":1,"51":1,"52":1},"b":{"1":[2,1,1,1],"2":[1,1,1,1],"3":[1,1],"4":[1,1],"5":[1,1],"6":[1,1],"7":[1,1],"8":[1,1],"9":[1,1,1],"10":[1,1],"11":[1,1],"12":[1,1],"13":[1,1],"14":[1,1],"15":[1,1],"16":[1,1]},"f":{"1":2,"2":2,"3":2,"4":2,"5":2,"6":1,"7":1,"8":2,"9":2,"10":2,"11":2,"12":1},"fnMap":{"1":{"name":"(anonymous_1)","line":12,"loc":{"start":{"line":12,"column":1},"end":{"line":12,"column":13}}},"2":{"name":"(anonymous_2)","line":19,"loc":{"start":{"line":19,"column":5},"end":{"line":19,"column":17}}},"3":{"name":"(anonymous_3)","line":23,"loc":{"start":{"line":23,"column":24},"end":{"line":23,"column":36}}},"4":{"name":"(anonymous_4)","line":61,"loc":{"start":{"line":61,"column":5},"end":{"line":61,"column":17}}},"5":{"name":"(anonymous_5)","line":82,"loc":{"start":{"line":82,"column":5},"end":{"line":82,"column":17}}},"6":{"name":"(anonymous_6)","line":102,"loc":{"start":{"line":102,"column":83},"end":{"line":105,"column":10}},"skip":true},"7":{"name":"(anonymous_7)","line":113,"loc":{"start":{"line":113,"column":77},"end":{"line":116,"column":10}},"skip":true},"8":{"name":"(anonymous_8)","line":129,"loc":{"start":{"line":129,"column":12},"end":{"line":129,"column":40}},"skip":true},"9":{"name":"(anonymous_9)","line":137,"loc":{"start":{"line":137,"column":77},"end":{"line":140,"column":10}},"skip":true},"10":{"name":"(anonymous_10)","line":148,"loc":{"start":{"line":148,"column":83},"end":{"line":151,"column":10}},"skip":true},"11":{"name":"(anonymous_11)","line":159,"loc":{"start":{"line":159,"column":79},"end":{"line":162,"column":10}},"skip":true},"12":{"name":"(anonymous_12)","line":170,"loc":{"start":{"line":170,"column":75},"end":{"line":173,"column":10}},"skip":true}},"statementMap":{"1":{"start":{"line":12,"column":0},"end":{"line":185,"column":5}},"2":{"start":{"line":14,"column":4},"end":{"line":14,"column":14}},"3":{"start":{"line":19,"column":4},"end":{"line":56,"column":9}},"4":{"start":{"line":21,"column":8},"end":{"line":21,"column":19}},"5":{"start":{"line":23,"column":8},"end":{"line":35,"column":13}},"6":{"start":{"line":24,"column":12},"end":{"line":34,"column":13}},"7":{"start":{"line":25,"column":16},"end":{"line":28,"column":30}},"8":{"start":{"line":30,"column":16},"end":{"line":33,"column":27}},"9":{"start":{"line":37,"column":8},"end":{"line":39,"column":21}},"10":{"start":{"line":40,"column":8},"end":{"line":53,"column":9}},"11":{"start":{"line":43,"column":12},"end":{"line":46,"column":14}},"12":{"start":{"line":47,"column":12},"end":{"line":47,"column":18}},"13":{"start":{"line":50,"column":12},"end":{"line":51,"column":46}},"14":{"start":{"line":52,"column":12},"end":{"line":52,"column":18}},"15":{"start":{"line":55,"column":8},"end":{"line":55,"column":35}},"16":{"start":{"line":61,"column":4},"end":{"line":63,"column":9}},"17":{"start":{"line":62,"column":8},"end":{"line":62,"column":15}},"18":{"start":{"line":64,"column":4},"end":{"line":77,"column":5}},"19":{"start":{"line":70,"column":8},"end":{"line":70,"column":14}},"20":{"start":{"line":76,"column":8},"end":{"line":76,"column":14}},"21":{"start":{"line":82,"column":4},"end":{"line":84,"column":9}},"22":{"start":{"line":83,"column":8},"end":{"line":83,"column":15}},"23":{"start":{"line":85,"column":4},"end":{"line":184,"column":5}},"24":{"start":{"line":92,"column":8},"end":{"line":94,"column":63}},"25":{"start":{"line":95,"column":8},"end":{"line":95,"column":14}},"26":{"start":{"line":102,"column":8},"end":{"line":111,"column":10},"skip":true},"27":{"start":{"line":109,"column":12},"end":{"line":109,"column":55},"skip":true},"28":{"start":{"line":110,"column":12},"end":{"line":110,"column":48},"skip":true},"29":{"start":{"line":113,"column":8},"end":{"line":126,"column":10},"skip":true},"30":{"start":{"line":120,"column":12},"end":{"line":120,"column":76},"skip":true},"31":{"start":{"line":121,"column":12},"end":{"line":121,"column":73},"skip":true},"32":{"start":{"line":122,"column":12},"end":{"line":122,"column":74},"skip":true},"33":{"start":{"line":123,"column":12},"end":{"line":123,"column":79},"skip":true},"34":{"start":{"line":124,"column":12},"end":{"line":124,"column":25},"skip":true},"35":{"start":{"line":125,"column":12},"end":{"line":125,"column":45},"skip":true},"36":{"start":{"line":128,"column":8},"end":{"line":135,"column":14},"skip":true},"37":{"start":{"line":133,"column":16},"end":{"line":133,"column":29},"skip":true},"38":{"start":{"line":134,"column":16},"end":{"line":134,"column":55},"skip":true},"39":{"start":{"line":137,"column":8},"end":{"line":146,"column":10},"skip":true},"40":{"start":{"line":144,"column":12},"end":{"line":144,"column":25},"skip":true},"41":{"start":{"line":145,"column":12},"end":{"line":145,"column":45},"skip":true},"42":{"start":{"line":148,"column":8},"end":{"line":157,"column":10},"skip":true},"43":{"start":{"line":155,"column":12},"end":{"line":155,"column":25},"skip":true},"44":{"start":{"line":156,"column":12},"end":{"line":156,"column":48},"skip":true},"45":{"start":{"line":159,"column":8},"end":{"line":168,"column":10},"skip":true},"46":{"start":{"line":166,"column":12},"end":{"line":166,"column":25},"skip":true},"47":{"start":{"line":167,"column":12},"end":{"line":167,"column":46},"skip":true},"48":{"start":{"line":170,"column":8},"end":{"line":179,"column":10},"skip":true},"49":{"start":{"line":177,"column":12},"end":{"line":177,"column":94},"skip":true},"50":{"start":{"line":178,"column":12},"end":{"line":178,"column":48},"skip":true},"51":{"start":{"line":182,"column":8},"end":{"line":182,"column":35},"skip":true},"52":{"start":{"line":183,"column":8},"end":{"line":183,"column":14},"skip":true}},"branchMap":{"1":{"line":25,"type":"binary-expr","locations":[{"start":{"line":25,"column":23},"end":{"line":25,"column":62}},{"start":{"line":26,"column":20},"end":{"line":26,"column":70}},{"start":{"line":27,"column":20},"end":{"line":27,"column":71}},{"start":{"line":28,"column":20},"end":{"line":28,"column":29}}]},"2":{"line":30,"type":"binary-expr","locations":[{"start":{"line":30,"column":23},"end":{"line":30,"column":37}},{"start":{"line":31,"column":20},"end":{"line":31,"column":61}},{"start":{"line":32,"column":20},"end":{"line":32,"column":70}},{"start":{"line":33,"column":20},"end":{"line":33,"column":26}}]},"3":{"line":37,"type":"cond-expr","locations":[{"start":{"line":38,"column":14},"end":{"line":38,"column":20}},{"start":{"line":39,"column":14},"end":{"line":39,"column":20}}]},"4":{"line":40,"type":"switch","locations":[{"start":{"line":42,"column":8},"end":{"line":47,"column":18}},{"start":{"line":49,"column":8},"end":{"line":52,"column":18}}]},"5":{"line":44,"type":"binary-expr","locations":[{"start":{"line":44,"column":16},"end":{"line":44,"column":44}},{"start":{"line":44,"column":48},"end":{"line":44,"column":66}}]},"6":{"line":50,"type":"binary-expr","locations":[{"start":{"line":50,"column":21},"end":{"line":50,"column":49}},{"start":{"line":50,"column":53},"end":{"line":50,"column":72}}]},"7":{"line":64,"type":"switch","locations":[{"start":{"line":69,"column":4},"end":{"line":70,"column":14}},{"start":{"line":75,"column":4},"end":{"line":76,"column":14}}]},"8":{"line":85,"type":"switch","locations":[{"start":{"line":90,"column":4},"end":{"line":95,"column":14}},{"start":{"line":101,"column":4},"end":{"line":183,"column":14},"skip":true}]},"9":{"line":92,"type":"binary-expr","locations":[{"start":{"line":92,"column":18},"end":{"line":92,"column":32}},{"start":{"line":93,"column":12},"end":{"line":93,"column":53}},{"start":{"line":94,"column":12},"end":{"line":94,"column":61}}]},"10":{"line":102,"type":"binary-expr","locations":[{"start":{"line":102,"column":45},"end":{"line":102,"column":79},"skip":true},{"start":{"line":102,"column":83},"end":{"line":111,"column":9},"skip":true}]},"11":{"line":113,"type":"binary-expr","locations":[{"start":{"line":113,"column":42},"end":{"line":113,"column":73},"skip":true},{"start":{"line":113,"column":77},"end":{"line":126,"column":9},"skip":true}]},"12":{"line":128,"type":"binary-expr","locations":[{"start":{"line":128,"column":48},"end":{"line":128,"column":85},"skip":true},{"start":{"line":129,"column":12},"end":{"line":135,"column":13},"skip":true}]},"13":{"line":137,"type":"binary-expr","locations":[{"start":{"line":137,"column":42},"end":{"line":137,"column":73},"skip":true},{"start":{"line":137,"column":77},"end":{"line":146,"column":9},"skip":true}]},"14":{"line":148,"type":"binary-expr","locations":[{"start":{"line":148,"column":45},"end":{"line":148,"column":79},"skip":true},{"start":{"line":148,"column":83},"end":{"line":157,"column":9},"skip":true}]},"15":{"line":159,"type":"binary-expr","locations":[{"start":{"line":159,"column":43},"end":{"line":159,"column":75},"skip":true},{"start":{"line":159,"column":79},"end":{"line":168,"column":9},"skip":true}]},"16":{"line":170,"type":"binary-expr","locations":[{"start":{"line":170,"column":41},"end":{"line":170,"column":71},"skip":true},{"start":{"line":170,"column":75},"end":{"line":179,"column":9},"skip":true}]}},"code":["/* istanbul instrument in package npmtest_node_sass */","/*jslint","    bitwise: true,","    browser: true,","    maxerr: 8,","    maxlen: 96,","    node: true,","    nomen: true,","    regexp: true,","    stupid: true","*/","(function () {","    'use strict';","    var local;","","","","    // run shared js-env code - pre-init","    (function () {","        // init local","        local = {};","        // init modeJs","        local.modeJs = (function () {","            try {","                return typeof navigator.userAgent === 'string' &&","                    typeof document.querySelector('body') === 'object' &&","                    typeof XMLHttpRequest.prototype.open === 'function' &&","                    'browser';","            } catch (errorCaughtBrowser) {","                return module.exports &&","                    typeof process.versions.node === 'string' &&","                    typeof require('http').createServer === 'function' &&","                    'node';","            }","        }());","        // init global","        local.global = local.modeJs === 'browser'","            ? window","            : global;","        switch (local.modeJs) {","        // re-init local from window.local","        case 'browser':","            local = local.global.utility2.objectSetDefault(","                local.global.utility2_rollup || local.global.local,","                local.global.utility2","            );","            break;","        // re-init local from example.js","        case 'node':","            local = (local.global.utility2_rollup || require('utility2'))","                .requireExampleJsFromReadme();","            break;","        }","        // export local","        local.global.local = local;","    }());","","","","    // run shared js-env code - function","    (function () {","        return;","    }());","    switch (local.modeJs) {","","","","    // run browser js-env code - function","    case 'browser':","        break;","","","","    // run node js-env code - function","    case 'node':","        break;","    }","","","","    // run shared js-env code - post-init","    (function () {","        return;","    }());","    switch (local.modeJs) {","","","","    // run browser js-env code - post-init","    case 'browser':","        // run tests","        local.nop(local.modeTest &&","            document.querySelector('#testRunButton1') &&","            document.querySelector('#testRunButton1').click());","        break;","","","","    // run node js-env code - post-init","    /* istanbul ignore next */","    case 'node':","        local.testCase_buildApidoc_default = local.testCase_buildApidoc_default || function (","            options,","            onError","        ) {","        /*","         * this function will test buildApidoc's default handling-behavior-behavior","         */","            options = { modulePathList: module.paths };","            local.buildApidoc(options, onError);","        };","","        local.testCase_buildApp_default = local.testCase_buildApp_default || function (","            options,","            onError","        ) {","        /*","         * this function will test buildApp's default handling-behavior-behavior","         */","            local.testCase_buildReadme_default(options, local.onErrorThrow);","            local.testCase_buildLib_default(options, local.onErrorThrow);","            local.testCase_buildTest_default(options, local.onErrorThrow);","            local.testCase_buildCustomOrg_default(options, local.onErrorThrow);","            options = [];","            local.buildApp(options, onError);","        };","","        local.testCase_buildCustomOrg_default = local.testCase_buildCustomOrg_default ||","            function (options, onError) {","            /*","             * this function will test buildCustomOrg's default handling-behavior","             */","                options = {};","                local.buildCustomOrg(options, onError);","            };","","        local.testCase_buildLib_default = local.testCase_buildLib_default || function (","            options,","            onError","        ) {","        /*","         * this function will test buildLib's default handling-behavior","         */","            options = {};","            local.buildLib(options, onError);","        };","","        local.testCase_buildReadme_default = local.testCase_buildReadme_default || function (","            options,","            onError","        ) {","        /*","         * this function will test buildReadme's default handling-behavior-behavior","         */","            options = {};","            local.buildReadme(options, onError);","        };","","        local.testCase_buildTest_default = local.testCase_buildTest_default || function (","            options,","            onError","        ) {","        /*","         * this function will test buildTest's default handling-behavior","         */","            options = {};","            local.buildTest(options, onError);","        };","","        local.testCase_webpage_default = local.testCase_webpage_default || function (","            options,","            onError","        ) {","        /*","         * this function will test webpage's default handling-behavior","         */","            options = { modeCoverageMerge: true, url: local.serverLocalHost + '?modeTest=1' };","            local.browserTest(options, onError);","        };","","        // run test-server","        local.testRunServer(local);","        break;","    }","}());",""],"l":{"12":2,"14":2,"19":2,"21":2,"23":2,"24":2,"25":2,"30":1,"37":2,"40":2,"43":1,"47":1,"50":1,"52":1,"55":2,"61":2,"62":2,"64":2,"70":1,"76":1,"82":2,"83":2,"85":2,"92":1,"95":1,"102":1,"109":1,"110":1,"113":1,"120":1,"121":1,"122":1,"123":1,"124":1,"125":1,"128":1,"133":2,"134":2,"137":1,"144":2,"145":2,"148":1,"155":2,"156":2,"159":1,"166":2,"167":2,"170":1,"177":1,"178":1,"182":1,"183":1}},"/home/travis/build/npmtest/node-npmtest-node-sass/lib.npmtest_node_sass.js":{"path":"/home/travis/build/npmtest/node-npmtest-node-sass/lib.npmtest_node_sass.js","s":{"1":2,"2":2,"3":2,"4":2,"5":2,"6":2,"7":2,"8":1,"9":2,"10":2,"11":2,"12":2,"13":1,"14":1,"15":1,"16":1},"b":{"1":[2,1,1,1],"2":[1,1,1,1],"3":[1,1],"4":[2,2],"5":[1,1]},"f":{"1":2,"2":2,"3":2},"fnMap":{"1":{"name":"(anonymous_1)","line":12,"loc":{"start":{"line":12,"column":1},"end":{"line":12,"column":13}}},"2":{"name":"(anonymous_2)","line":19,"loc":{"start":{"line":19,"column":5},"end":{"line":19,"column":17}}},"3":{"name":"(anonymous_3)","line":23,"loc":{"start":{"line":23,"column":24},"end":{"line":23,"column":36}}}},"statementMap":{"1":{"start":{"line":12,"column":0},"end":{"line":53,"column":5}},"2":{"start":{"line":14,"column":4},"end":{"line":14,"column":14}},"3":{"start":{"line":19,"column":4},"end":{"line":52,"column":9}},"4":{"start":{"line":21,"column":8},"end":{"line":21,"column":19}},"5":{"start":{"line":23,"column":8},"end":{"line":35,"column":13}},"6":{"start":{"line":24,"column":12},"end":{"line":34,"column":13}},"7":{"start":{"line":25,"column":16},"end":{"line":28,"column":30}},"8":{"start":{"line":30,"column":16},"end":{"line":33,"column":27}},"9":{"start":{"line":37,"column":8},"end":{"line":39,"column":21}},"10":{"start":{"line":41,"column":8},"end":{"line":41,"column":54}},"11":{"start":{"line":43,"column":8},"end":{"line":43,"column":54}},"12":{"start":{"line":45,"column":8},"end":{"line":51,"column":9}},"13":{"start":{"line":46,"column":12},"end":{"line":46,"column":60}},"14":{"start":{"line":48,"column":12},"end":{"line":48,"column":35}},"15":{"start":{"line":49,"column":12},"end":{"line":49,"column":49}},"16":{"start":{"line":50,"column":12},"end":{"line":50,"column":43}}},"branchMap":{"1":{"line":25,"type":"binary-expr","locations":[{"start":{"line":25,"column":23},"end":{"line":25,"column":62}},{"start":{"line":26,"column":20},"end":{"line":26,"column":70}},{"start":{"line":27,"column":20},"end":{"line":27,"column":71}},{"start":{"line":28,"column":20},"end":{"line":28,"column":29}}]},"2":{"line":30,"type":"binary-expr","locations":[{"start":{"line":30,"column":23},"end":{"line":30,"column":37}},{"start":{"line":31,"column":20},"end":{"line":31,"column":61}},{"start":{"line":32,"column":20},"end":{"line":32,"column":70}},{"start":{"line":33,"column":20},"end":{"line":33,"column":26}}]},"3":{"line":37,"type":"cond-expr","locations":[{"start":{"line":38,"column":14},"end":{"line":38,"column":20}},{"start":{"line":39,"column":14},"end":{"line":39,"column":20}}]},"4":{"line":41,"type":"binary-expr","locations":[{"start":{"line":41,"column":16},"end":{"line":41,"column":44}},{"start":{"line":41,"column":48},"end":{"line":41,"column":53}}]},"5":{"line":45,"type":"if","locations":[{"start":{"line":45,"column":8},"end":{"line":45,"column":8}},{"start":{"line":45,"column":8},"end":{"line":45,"column":8}}]}},"code":["/* istanbul instrument in package npmtest_node_sass */","/*jslint","    bitwise: true,","    browser: true,","    maxerr: 8,","    maxlen: 96,","    node: true,","    nomen: true,","    regexp: true,","    stupid: true","*/","(function () {","    'use strict';","    var local;","","","","    // run shared js-env code - pre-init","    (function () {","        // init local","        local = {};","        // init modeJs","        local.modeJs = (function () {","            try {","                return typeof navigator.userAgent === 'string' &&","                    typeof document.querySelector('body') === 'object' &&","                    typeof XMLHttpRequest.prototype.open === 'function' &&","                    'browser';","            } catch (errorCaughtBrowser) {","                return module.exports &&","                    typeof process.versions.node === 'string' &&","                    typeof require('http').createServer === 'function' &&","                    'node';","            }","        }());","        // init global","        local.global = local.modeJs === 'browser'","            ? window","            : global;","        // init utility2_rollup","        local = local.global.utility2_rollup || local;","        // init lib","        local.local = local.npmtest_node_sass = local;","        // init exports","        if (local.modeJs === 'browser') {","            local.global.utility2_npmtest_node_sass = local;","        } else {","            module.exports = local;","            module.exports.__dirname = __dirname;","            module.exports.module = module;","        }","    }());","}());",""],"l":{"12":2,"14":2,"19":2,"21":2,"23":2,"24":2,"25":2,"30":1,"37":2,"41":2,"43":2,"45":2,"46":1,"48":1,"49":1,"50":1}},"/home/travis/build/npmtest/node-npmtest-node-sass/example.js":{"path":"/home/travis/build/npmtest/node-npmtest-node-sass/example.js","s":{"1":2,"2":2,"3":2,"4":2,"5":2,"6":2,"7":2,"8":1,"9":2,"10":2,"11":2,"12":2,"13":1,"14":2,"15":2,"16":2,"17":2,"18":2,"19":0,"20":2,"21":1,"22":1,"23":1,"24":1,"25":1,"26":0,"27":0,"28":1,"29":1,"30":2,"31":0,"32":0,"33":0,"34":1,"35":2,"36":2,"37":2,"38":2,"39":2,"40":2,"41":0,"42":2,"43":2,"44":2,"45":1,"46":3,"47":1,"48":1,"49":1,"50":1,"51":1,"52":1,"53":1,"54":1,"55":1,"56":1,"57":0,"58":1,"59":6,"60":6,"61":1,"62":2,"63":0,"64":2,"65":1,"66":1,"67":0,"68":0,"69":0,"70":0,"71":0,"72":0,"73":0,"74":0,"75":0,"76":0,"77":0,"78":0,"79":0,"80":0,"81":0,"82":0,"83":0},"b":{"1":[2,1,1,1],"2":[1,1,1,1],"3":[1,1],"4":[2,2],"5":[1,1],"6":[1,1],"7":[2,0],"8":[2,1,1,1,1,1],"9":[0,2,0],"10":[1,1],"11":[2,1,1],"12":[1,0],"13":[0,2],"14":[2,0,0,0,0,0,0],"15":[0,2],"16":[2,0],"17":[1,1],"18":[0,1],"19":[1,2,0,2],"20":[1,0],"21":[1,1],"22":[0,0],"23":[0,0],"24":[0,0],"25":[0,0],"26":[0,0],"27":[0,0],"28":[0,0]},"f":{"1":2,"2":2,"3":2,"4":2,"5":2,"6":2,"7":2,"8":2,"9":3,"10":1,"11":6,"12":0},"fnMap":{"1":{"name":"(anonymous_1)","line":26,"loc":{"start":{"line":26,"column":1},"end":{"line":26,"column":13}}},"2":{"name":"(anonymous_2)","line":33,"loc":{"start":{"line":33,"column":5},"end":{"line":33,"column":17}}},"3":{"name":"(anonymous_3)","line":37,"loc":{"start":{"line":37,"column":24},"end":{"line":37,"column":36}}},"4":{"name":"(anonymous_4)","line":69,"loc":{"start":{"line":69,"column":31},"end":{"line":69,"column":48}},"skip":true},"5":{"name":"(anonymous_5)","line":78,"loc":{"start":{"line":78,"column":26},"end":{"line":78,"column":45}},"skip":true},"6":{"name":"(anonymous_6)","line":123,"loc":{"start":{"line":123,"column":33},"end":{"line":123,"column":48}},"skip":true},"7":{"name":"(anonymous_7)","line":125,"loc":{"start":{"line":125,"column":27},"end":{"line":125,"column":39}},"skip":true},"8":{"name":"(anonymous_8)","line":133,"loc":{"start":{"line":133,"column":59},"end":{"line":133,"column":74}},"skip":true},"9":{"name":"(anonymous_9)","line":143,"loc":{"start":{"line":143,"column":45},"end":{"line":143,"column":62}},"skip":true},"10":{"name":"(anonymous_10)","line":144,"loc":{"start":{"line":144,"column":73},"end":{"line":144,"column":92}},"skip":true},"11":{"name":"(anonymous_11)","line":272,"loc":{"start":{"line":272,"column":51},"end":{"line":272,"column":77}},"skip":true},"12":{"name":"(anonymous_12)","line":314,"loc":{"start":{"line":314,"column":32},"end":{"line":314,"column":61}},"skip":true}},"statementMap":{"1":{"start":{"line":26,"column":0},"end":{"line":325,"column":5}},"2":{"start":{"line":28,"column":4},"end":{"line":28,"column":14}},"3":{"start":{"line":33,"column":4},"end":{"line":60,"column":9}},"4":{"start":{"line":35,"column":8},"end":{"line":35,"column":19}},"5":{"start":{"line":37,"column":8},"end":{"line":49,"column":13}},"6":{"start":{"line":38,"column":12},"end":{"line":48,"column":13}},"7":{"start":{"line":39,"column":16},"end":{"line":42,"column":30}},"8":{"start":{"line":44,"column":16},"end":{"line":47,"column":27}},"9":{"start":{"line":51,"column":8},"end":{"line":53,"column":21}},"10":{"start":{"line":55,"column":8},"end":{"line":57,"column":45}},"11":{"start":{"line":59,"column":8},"end":{"line":59,"column":35}},"12":{"start":{"line":61,"column":4},"end":{"line":324,"column":5}},"13":{"start":{"line":69,"column":8},"end":{"line":121,"column":10},"skip":true},"14":{"start":{"line":70,"column":12},"end":{"line":88,"column":13},"skip":true},"15":{"start":{"line":76,"column":16},"end":{"line":87,"column":19},"skip":true},"16":{"start":{"line":79,"column":20},"end":{"line":86,"column":21},"skip":true},"17":{"start":{"line":82,"column":24},"end":{"line":82,"column":43},"skip":true},"18":{"start":{"line":83,"column":24},"end":{"line":83,"column":30},"skip":true},"19":{"start":{"line":85,"column":24},"end":{"line":85,"column":49},"skip":true},"20":{"start":{"line":89,"column":12},"end":{"line":107,"column":13},"skip":true},"21":{"start":{"line":92,"column":16},"end":{"line":102,"column":17},"skip":true},"22":{"start":{"line":93,"column":20},"end":{"line":93,"column":86},"skip":true},"23":{"start":{"line":94,"column":20},"end":{"line":95,"column":45},"skip":true},"24":{"start":{"line":96,"column":20},"end":{"line":96,"column":42},"skip":true},"25":{"start":{"line":97,"column":20},"end":{"line":97,"column":48},"skip":true},"26":{"start":{"line":100,"column":20},"end":{"line":100,"column":85},"skip":true},"27":{"start":{"line":101,"column":20},"end":{"line":101,"column":96},"skip":true},"28":{"start":{"line":103,"column":16},"end":{"line":103,"column":22},"skip":true},"29":{"start":{"line":106,"column":16},"end":{"line":106,"column":22},"skip":true},"30":{"start":{"line":108,"column":12},"end":{"line":120,"column":13},"skip":true},"31":{"start":{"line":114,"column":16},"end":{"line":119,"column":17},"skip":true},"32":{"start":{"line":116,"column":20},"end":{"line":116,"column":78},"skip":true},"33":{"start":{"line":118,"column":20},"end":{"line":118,"column":47},"skip":true},"34":{"start":{"line":123,"column":8},"end":{"line":141,"column":11},"skip":true},"35":{"start":{"line":124,"column":12},"end":{"line":124,"column":54},"skip":true},"36":{"start":{"line":125,"column":12},"end":{"line":140,"column":14},"skip":true},"37":{"start":{"line":126,"column":16},"end":{"line":126,"column":28},"skip":true},"38":{"start":{"line":127,"column":16},"end":{"line":127,"column":69},"skip":true},"39":{"start":{"line":128,"column":16},"end":{"line":128,"column":75},"skip":true},"40":{"start":{"line":129,"column":16},"end":{"line":131,"column":17},"skip":true},"41":{"start":{"line":130,"column":20},"end":{"line":130,"column":27},"skip":true},"42":{"start":{"line":133,"column":16},"end":{"line":137,"column":36},"skip":true},"43":{"start":{"line":134,"column":20},"end":{"line":136,"column":55},"skip":true},"44":{"start":{"line":139,"column":16},"end":{"line":139,"column":57},"skip":true},"45":{"start":{"line":143,"column":8},"end":{"line":147,"column":11},"skip":true},"46":{"start":{"line":144,"column":12},"end":{"line":146,"column":15},"skip":true},"47":{"start":{"line":145,"column":16},"end":{"line":145,"column":70},"skip":true},"48":{"start":{"line":149,"column":8},"end":{"line":149,"column":31},"skip":true},"49":{"start":{"line":150,"column":8},"end":{"line":150,"column":14},"skip":true},"50":{"start":{"line":158,"column":8},"end":{"line":158,"column":31},"skip":true},"51":{"start":{"line":160,"column":8},"end":{"line":160,"column":33},"skip":true},"52":{"start":{"line":161,"column":8},"end":{"line":161,"column":37},"skip":true},"53":{"start":{"line":162,"column":8},"end":{"line":162,"column":35},"skip":true},"54":{"start":{"line":164,"column":8},"end":{"line":164,"column":50},"skip":true},"55":{"start":{"line":166,"column":8},"end":{"line":256,"column":2},"skip":true},"56":{"start":{"line":258,"column":8},"end":{"line":286,"column":9},"skip":true},"57":{"start":{"line":259,"column":12},"end":{"line":269,"column":14},"skip":true},"58":{"start":{"line":271,"column":12},"end":{"line":285,"column":19},"skip":true},"59":{"start":{"line":274,"column":20},"end":{"line":274,"column":35},"skip":true},"60":{"start":{"line":275,"column":20},"end":{"line":284,"column":21},"skip":true},"61":{"start":{"line":277,"column":24},"end":{"line":277,"column":64},"skip":true},"62":{"start":{"line":279,"column":24},"end":{"line":279,"column":40},"skip":true},"63":{"start":{"line":281,"column":24},"end":{"line":281,"column":40},"skip":true},"64":{"start":{"line":283,"column":24},"end":{"line":283,"column":39},"skip":true},"65":{"start":{"line":288,"column":8},"end":{"line":290,"column":9},"skip":true},"66":{"start":{"line":289,"column":12},"end":{"line":289,"column":18},"skip":true},"67":{"start":{"line":291,"column":8},"end":{"line":293,"column":54},"skip":true},"68":{"start":{"line":294,"column":8},"end":{"line":301,"column":37},"skip":true},"69":{"start":{"line":302,"column":8},"end":{"line":302,"column":82},"skip":true},"70":{"start":{"line":305,"column":8},"end":{"line":307,"column":9},"skip":true},"71":{"start":{"line":306,"column":12},"end":{"line":306,"column":82},"skip":true},"72":{"start":{"line":309,"column":8},"end":{"line":311,"column":9},"skip":true},"73":{"start":{"line":310,"column":12},"end":{"line":310,"column":18},"skip":true},"74":{"start":{"line":312,"column":8},"end":{"line":312,"column":54},"skip":true},"75":{"start":{"line":313,"column":8},"end":{"line":313,"column":69},"skip":true},"76":{"start":{"line":314,"column":8},"end":{"line":322,"column":36},"skip":true},"77":{"start":{"line":315,"column":12},"end":{"line":315,"column":61},"skip":true},"78":{"start":{"line":316,"column":12},"end":{"line":319,"column":13},"skip":true},"79":{"start":{"line":317,"column":16},"end":{"line":317,"column":75},"skip":true},"80":{"start":{"line":318,"column":16},"end":{"line":318,"column":23},"skip":true},"81":{"start":{"line":320,"column":12},"end":{"line":320,"column":38},"skip":true},"82":{"start":{"line":321,"column":12},"end":{"line":321,"column":27},"skip":true},"83":{"start":{"line":323,"column":8},"end":{"line":323,"column":14},"skip":true}},"branchMap":{"1":{"line":39,"type":"binary-expr","locations":[{"start":{"line":39,"column":23},"end":{"line":39,"column":62}},{"start":{"line":40,"column":20},"end":{"line":40,"column":70}},{"start":{"line":41,"column":20},"end":{"line":41,"column":71}},{"start":{"line":42,"column":20},"end":{"line":42,"column":29}}]},"2":{"line":44,"type":"binary-expr","locations":[{"start":{"line":44,"column":23},"end":{"line":44,"column":37}},{"start":{"line":45,"column":20},"end":{"line":45,"column":61}},{"start":{"line":46,"column":20},"end":{"line":46,"column":70}},{"start":{"line":47,"column":20},"end":{"line":47,"column":26}}]},"3":{"line":51,"type":"cond-expr","locations":[{"start":{"line":52,"column":14},"end":{"line":52,"column":20}},{"start":{"line":53,"column":14},"end":{"line":53,"column":20}}]},"4":{"line":55,"type":"binary-expr","locations":[{"start":{"line":55,"column":16},"end":{"line":55,"column":44}},{"start":{"line":55,"column":49},"end":{"line":57,"column":43}}]},"5":{"line":55,"type":"cond-expr","locations":[{"start":{"line":56,"column":14},"end":{"line":56,"column":53}},{"start":{"line":57,"column":14},"end":{"line":57,"column":43}}]},"6":{"line":61,"type":"switch","locations":[{"start":{"line":68,"column":4},"end":{"line":150,"column":14},"skip":true},{"start":{"line":156,"column":4},"end":{"line":323,"column":14},"skip":true}]},"7":{"line":70,"type":"if","locations":[{"start":{"line":70,"column":12},"end":{"line":70,"column":12},"skip":true},{"start":{"line":70,"column":12},"end":{"line":70,"column":12},"skip":true}]},"8":{"line":70,"type":"binary-expr","locations":[{"start":{"line":70,"column":16},"end":{"line":70,"column":22},"skip":true},{"start":{"line":70,"column":27},"end":{"line":70,"column":32},"skip":true},{"start":{"line":71,"column":20},"end":{"line":71,"column":39},"skip":true},{"start":{"line":72,"column":20},"end":{"line":72,"column":49},"skip":true},{"start":{"line":73,"column":20},"end":{"line":73,"column":58},"skip":true},{"start":{"line":74,"column":20},"end":{"line":74,"column":69},"skip":true}]},"9":{"line":79,"type":"switch","locations":[{"start":{"line":80,"column":20},"end":{"line":80,"column":33},"skip":true},{"start":{"line":81,"column":20},"end":{"line":83,"column":30},"skip":true},{"start":{"line":84,"column":20},"end":{"line":85,"column":49},"skip":true}]},"10":{"line":89,"type":"switch","locations":[{"start":{"line":90,"column":12},"end":{"line":103,"column":22},"skip":true},{"start":{"line":105,"column":12},"end":{"line":106,"column":22},"skip":true}]},"11":{"line":89,"type":"binary-expr","locations":[{"start":{"line":89,"column":20},"end":{"line":89,"column":25},"skip":true},{"start":{"line":89,"column":29},"end":{"line":89,"column":48},"skip":true},{"start":{"line":89,"column":52},"end":{"line":89,"column":74},"skip":true}]},"12":{"line":92,"type":"if","locations":[{"start":{"line":92,"column":16},"end":{"line":92,"column":16},"skip":true},{"start":{"line":92,"column":16},"end":{"line":92,"column":16},"skip":true}]},"13":{"line":108,"type":"if","locations":[{"start":{"line":108,"column":12},"end":{"line":108,"column":12},"skip":true},{"start":{"line":108,"column":12},"end":{"line":108,"column":12},"skip":true}]},"14":{"line":108,"type":"binary-expr","locations":[{"start":{"line":108,"column":16},"end":{"line":108,"column":61},"skip":true},{"start":{"line":108,"column":66},"end":{"line":108,"column":72},"skip":true},{"start":{"line":108,"column":77},"end":{"line":108,"column":82},"skip":true},{"start":{"line":109,"column":20},"end":{"line":109,"column":39},"skip":true},{"start":{"line":110,"column":20},"end":{"line":110,"column":49},"skip":true},{"start":{"line":111,"column":20},"end":{"line":111,"column":58},"skip":true},{"start":{"line":112,"column":20},"end":{"line":112,"column":68},"skip":true}]},"15":{"line":129,"type":"if","locations":[{"start":{"line":129,"column":16},"end":{"line":129,"column":16},"skip":true},{"start":{"line":129,"column":16},"end":{"line":129,"column":16},"skip":true}]},"16":{"line":134,"type":"cond-expr","locations":[{"start":{"line":135,"column":26},"end":{"line":135,"column":29},"skip":true},{"start":{"line":136,"column":26},"end":{"line":136,"column":54},"skip":true}]},"17":{"line":164,"type":"binary-expr","locations":[{"start":{"line":164,"column":27},"end":{"line":164,"column":43},"skip":true},{"start":{"line":164,"column":47},"end":{"line":164,"column":49},"skip":true}]},"18":{"line":258,"type":"if","locations":[{"start":{"line":258,"column":8},"end":{"line":258,"column":8},"skip":true},{"start":{"line":258,"column":8},"end":{"line":258,"column":8},"skip":true}]},"19":{"line":275,"type":"switch","locations":[{"start":{"line":276,"column":20},"end":{"line":277,"column":64},"skip":true},{"start":{"line":278,"column":20},"end":{"line":279,"column":40},"skip":true},{"start":{"line":280,"column":20},"end":{"line":281,"column":40},"skip":true},{"start":{"line":282,"column":20},"end":{"line":283,"column":39},"skip":true}]},"20":{"line":288,"type":"if","locations":[{"start":{"line":288,"column":8},"end":{"line":288,"column":8},"skip":true},{"start":{"line":288,"column":8},"end":{"line":288,"column":8},"skip":true}]},"21":{"line":288,"type":"binary-expr","locations":[{"start":{"line":288,"column":12},"end":{"line":288,"column":40},"skip":true},{"start":{"line":288,"column":44},"end":{"line":288,"column":67},"skip":true}]},"22":{"line":292,"type":"binary-expr","locations":[{"start":{"line":292,"column":12},"end":{"line":292,"column":50},"skip":true},{"start":{"line":293,"column":12},"end":{"line":293,"column":53},"skip":true}]},"23":{"line":295,"type":"binary-expr","locations":[{"start":{"line":295,"column":12},"end":{"line":295,"column":67},"skip":true},{"start":{"line":296,"column":12},"end":{"line":301,"column":36},"skip":true}]},"24":{"line":302,"type":"binary-expr","locations":[{"start":{"line":302,"column":43},"end":{"line":302,"column":75},"skip":true},{"start":{"line":302,"column":79},"end":{"line":302,"column":81},"skip":true}]},"25":{"line":305,"type":"if","locations":[{"start":{"line":305,"column":8},"end":{"line":305,"column":8},"skip":true},{"start":{"line":305,"column":8},"end":{"line":305,"column":8},"skip":true}]},"26":{"line":309,"type":"if","locations":[{"start":{"line":309,"column":8},"end":{"line":309,"column":8},"skip":true},{"start":{"line":309,"column":8},"end":{"line":309,"column":8},"skip":true}]},"27":{"line":312,"type":"binary-expr","locations":[{"start":{"line":312,"column":27},"end":{"line":312,"column":43},"skip":true},{"start":{"line":312,"column":47},"end":{"line":312,"column":53},"skip":true}]},"28":{"line":316,"type":"if","locations":[{"start":{"line":316,"column":12},"end":{"line":316,"column":12},"skip":true},{"start":{"line":316,"column":12},"end":{"line":316,"column":12},"skip":true}]}},"code":["/*","example.js","","quickstart example","","instruction","    1. save this script as example.js","    2. run the shell command:","        $ npm install npmtest-node-sass && PORT=8081 node example.js","    3. play with the browser-demo on http://127.0.0.1:8081","*/","","","","/* istanbul instrument in package npmtest_node_sass */","/*jslint","    bitwise: true,","    browser: true,","    maxerr: 8,","    maxlen: 96,","    node: true,","    nomen: true,","    regexp: true,","    stupid: true","*/","(function () {","    'use strict';","    var local;","","","","    // run shared js-env code - pre-init","    (function () {","        // init local","        local = {};","        // init modeJs","        local.modeJs = (function () {","            try {","                return typeof navigator.userAgent === 'string' &&","                    typeof document.querySelector('body') === 'object' &&","                    typeof XMLHttpRequest.prototype.open === 'function' &&","                    'browser';","            } catch (errorCaughtBrowser) {","                return module.exports &&","                    typeof process.versions.node === 'string' &&","                    typeof require('http').createServer === 'function' &&","                    'node';","            }","        }());","        // init global","        local.global = local.modeJs === 'browser'","            ? window","            : global;","        // init utility2_rollup","        local = local.global.utility2_rollup || (local.modeJs === 'browser'","            ? local.global.utility2_npmtest_node_sass","            : global.utility2_moduleExports);","        // export local","        local.global.local = local;","    }());","    switch (local.modeJs) {","","","","    // post-init","    // run browser js-env code - post-init","    /* istanbul ignore next */","    case 'browser':","        local.testRunBrowser = function (event) {","            if (!event || (event &&","                    event.currentTarget &&","                    event.currentTarget.className &&","                    event.currentTarget.className.includes &&","                    event.currentTarget.className.includes('onreset'))) {","                // reset output","                Array.from(","                    document.querySelectorAll('body > .resettable')","                ).forEach(function (element) {","                    switch (element.tagName) {","                    case 'INPUT':","                    case 'TEXTAREA':","                        element.value = '';","                        break;","                    default:","                        element.textContent = '';","                    }","                });","            }","            switch (event && event.currentTarget && event.currentTarget.id) {","            case 'testRunButton1':","                // show tests","                if (document.querySelector('#testReportDiv1').style.display === 'none') {","                    document.querySelector('#testReportDiv1').style.display = 'block';","                    document.querySelector('#testRunButton1').textContent =","                        'hide internal test';","                    local.modeTest = true;","                    local.testRunDefault(local);","                // hide tests","                } else {","                    document.querySelector('#testReportDiv1').style.display = 'none';","                    document.querySelector('#testRunButton1').textContent = 'run internal test';","                }","                break;","            // custom-case","            default:","                break;","            }","            if (document.querySelector('#inputTextareaEval1') && (!event || (event &&","                    event.currentTarget &&","                    event.currentTarget.className &&","                    event.currentTarget.className.includes &&","                    event.currentTarget.className.includes('oneval')))) {","                // try to eval input-code","                try {","                    /*jslint evil: true*/","                    eval(document.querySelector('#inputTextareaEval1').value);","                } catch (errorCaught) {","                    console.error(errorCaught);","                }","            }","        };","        // log stderr and stdout to #outputTextareaStdout1","        ['error', 'log'].forEach(function (key) {","            console[key + '_original'] = console[key];","            console[key] = function () {","                var element;","                console[key + '_original'].apply(console, arguments);","                element = document.querySelector('#outputTextareaStdout1');","                if (!element) {","                    return;","                }","                // append text to #outputTextareaStdout1","                element.value += Array.from(arguments).map(function (arg) {","                    return typeof arg === 'string'","                        ? arg","                        : JSON.stringify(arg, null, 4);","                }).join(' ') + '\\n';","                // scroll textarea to bottom","                element.scrollTop = element.scrollHeight;","            };","        });","        // init event-handling","        ['change', 'click', 'keyup'].forEach(function (event) {","            Array.from(document.querySelectorAll('.on' + event)).forEach(function (element) {","                element.addEventListener(event, local.testRunBrowser);","            });","        });","        // run tests","        local.testRunBrowser();","        break;","","","","    // run node js-env code - post-init","    /* istanbul ignore next */","    case 'node':","        // export local","        module.exports = local;","        // require modules","        local.fs = require('fs');","        local.http = require('http');","        local.url = require('url');","        // init assets","        local.assetsDict = local.assetsDict || {};","        /* jslint-ignore-begin */","        local.assetsDict['/assets.index.template.html'] = '\\","<!doctype html>\\n\\","<html lang=\"en\">\\n\\","<head>\\n\\","<meta charset=\"UTF-8\">\\n\\","<meta name=\"viewport\" content=\"width=device-width, initial-scale=1\">\\n\\","<title>{{env.npm_package_name}} (v{{env.npm_package_version}})</title>\\n\\","<style>\\n\\","/*csslint\\n\\","    box-sizing: false,\\n\\","    universal-selector: false\\n\\","*/\\n\\","* {\\n\\","    box-sizing: border-box;\\n\\","}\\n\\","body {\\n\\","    background: #dde;\\n\\","    font-family: Arial, Helvetica, sans-serif;\\n\\","    margin: 2rem;\\n\\","}\\n\\","body > * {\\n\\","    margin-bottom: 1rem;\\n\\","}\\n\\",".utility2FooterDiv {\\n\\","    margin-top: 20px;\\n\\","    text-align: center;\\n\\","}\\n\\","</style>\\n\\","<style>\\n\\","/*csslint\\n\\","*/\\n\\","textarea {\\n\\","    font-family: monospace;\\n\\","    height: 10rem;\\n\\","    width: 100%;\\n\\","}\\n\\","textarea[readonly] {\\n\\","    background: #ddd;\\n\\","}\\n\\","</style>\\n\\","</head>\\n\\","<body>\\n\\","<!-- utility2-comment\\n\\","<div id=\"ajaxProgressDiv1\" style=\"background: #d00; height: 2px; left: 0; margin: 0; padding: 0; position: fixed; top: 0; transition: background 0.5s, width 1.5s; width: 25%;\"></div>\\n\\","utility2-comment -->\\n\\","<h1>\\n\\","<!-- utility2-comment\\n\\","    <a\\n\\","        {{#if env.npm_package_homepage}}\\n\\","        href=\"{{env.npm_package_homepage}}\"\\n\\","        {{/if env.npm_package_homepage}}\\n\\","        target=\"_blank\"\\n\\","    >\\n\\","utility2-comment -->\\n\\","        {{env.npm_package_name}} (v{{env.npm_package_version}})\\n\\","<!-- utility2-comment\\n\\","    </a>\\n\\","utility2-comment -->\\n\\","</h1>\\n\\","<h3>{{env.npm_package_description}}</h3>\\n\\","<!-- utility2-comment\\n\\","<h4><a download href=\"assets.app.js\">download standalone app</a></h4>\\n\\","<button class=\"onclick onreset\" id=\"testRunButton1\">run internal test</button><br>\\n\\","<div id=\"testReportDiv1\" style=\"display: none;\"></div>\\n\\","utility2-comment -->\\n\\","\\n\\","\\n\\","\\n\\","<label>stderr and stdout</label>\\n\\","<textarea class=\"resettable\" id=\"outputTextareaStdout1\" readonly></textarea>\\n\\","<!-- utility2-comment\\n\\","{{#if isRollup}}\\n\\","<script src=\"assets.app.js\"></script>\\n\\","{{#unless isRollup}}\\n\\","utility2-comment -->\\n\\","<script src=\"assets.utility2.rollup.js\"></script>\\n\\","<script src=\"jsonp.utility2._stateInit?callback=window.utility2._stateInit\"></script>\\n\\","<script src=\"assets.npmtest_node_sass.rollup.js\"></script>\\n\\","<script src=\"assets.example.js\"></script>\\n\\","<script src=\"assets.test.js\"></script>\\n\\","<!-- utility2-comment\\n\\","{{/if isRollup}}\\n\\","utility2-comment -->\\n\\","<div class=\"utility2FooterDiv\">\\n\\","    [ this app was created with\\n\\","    <a href=\"https://github.com/kaizhu256/node-utility2\" target=\"_blank\">utility2</a>\\n\\","    ]\\n\\","</div>\\n\\","</body>\\n\\","</html>\\n\\","';","        /* jslint-ignore-end */","        if (local.templateRender) {","            local.assetsDict['/'] = local.templateRender(","                local.assetsDict['/assets.index.template.html'],","                {","                    env: local.objectSetDefault(local.env, {","                        npm_package_description: 'the greatest app in the world!',","                        npm_package_name: 'my-app',","                        npm_package_nameAlias: 'my_app',","                        npm_package_version: '0.0.1'","                    })","                }","            );","        } else {","            local.assetsDict['/'] = local.assetsDict['/assets.index.template.html']","                .replace((/\\{\\{env\\.(\\w+?)\\}\\}/g), function (match0, match1) {","                    // jslint-hack","                    String(match0);","                    switch (match1) {","                    case 'npm_package_description':","                        return 'the greatest app in the world!';","                    case 'npm_package_name':","                        return 'my-app';","                    case 'npm_package_nameAlias':","                        return 'my_app';","                    case 'npm_package_version':","                        return '0.0.1';","                    }","                });","        }","        // run the cli","        if (local.global.utility2_rollup || module !== require.main) {","            break;","        }","        local.assetsDict['/assets.example.js'] =","            local.assetsDict['/assets.example.js'] ||","            local.fs.readFileSync(__filename, 'utf8');","        local.assetsDict['/assets.npmtest_node_sass.rollup.js'] =","            local.assetsDict['/assets.npmtest_node_sass.rollup.js'] ||","            local.fs.readFileSync(","                // buildCustomOrg-hack","                local.npmtest_node_sass.__dirname +","                    '/lib.npmtest_node_sass.js',","                'utf8'","            ).replace((/^#!/), '//');","        local.assetsDict['/favicon.ico'] = local.assetsDict['/favicon.ico'] || '';","        // if $npm_config_timeout_exit exists,","        // then exit this process after $npm_config_timeout_exit ms","        if (Number(process.env.npm_config_timeout_exit)) {","            setTimeout(process.exit, Number(process.env.npm_config_timeout_exit));","        }","        // start server","        if (local.global.utility2_serverHttp1) {","            break;","        }","        process.env.PORT = process.env.PORT || '8081';","        console.error('server starting on port ' + process.env.PORT);","        local.http.createServer(function (request, response) {","            request.urlParsed = local.url.parse(request.url);","            if (local.assetsDict[request.urlParsed.pathname] !== undefined) {","                response.end(local.assetsDict[request.urlParsed.pathname]);","                return;","            }","            response.statusCode = 404;","            response.end();","        }).listen(process.env.PORT);","        break;","    }","}());",""],"l":{"26":2,"28":2,"33":2,"35":2,"37":2,"38":2,"39":2,"44":1,"51":2,"55":2,"59":2,"61":2,"69":1,"70":2,"76":2,"79":2,"82":2,"83":2,"85":1,"89":2,"92":1,"93":1,"94":1,"96":1,"97":1,"100":1,"101":1,"103":1,"106":1,"108":2,"114":1,"116":1,"118":1,"123":1,"124":2,"125":2,"126":2,"127":2,"128":2,"129":2,"130":1,"133":2,"134":2,"139":2,"143":1,"144":3,"145":1,"149":1,"150":1,"158":1,"160":1,"161":1,"162":1,"164":1,"166":1,"258":1,"259":1,"271":1,"274":6,"275":6,"277":1,"279":2,"281":1,"283":2,"288":1,"289":1,"291":1,"294":1,"302":1,"305":1,"306":1,"309":1,"310":1,"312":1,"313":1,"314":1,"315":1,"316":1,"317":1,"318":1,"320":1,"321":1,"323":1}},"/home/travis/build/npmtest/node-npmtest-node-sass/node-sass/lib/index.js":{"path":"/home/travis/build/npmtest/node-npmtest-node-sass/node-sass/lib/index.js","s":{"1":1,"2":1,"3":1,"4":0,"5":1,"6":0,"7":0,"8":0,"9":0,"10":1,"11":0,"12":0,"13":0,"14":0,"15":1,"16":0,"17":0,"18":0,"19":0,"20":1,"21":0,"22":0,"23":0,"24":1,"25":0,"26":0,"27":1,"28":0,"29":0,"30":1,"31":0,"32":0,"33":1,"34":0,"35":0,"36":1,"37":0,"38":0,"39":0,"40":0,"41":0,"42":1,"43":0,"44":0,"45":0,"46":0,"47":0,"48":0,"49":0,"50":0,"51":0,"52":0,"53":0,"54":0,"55":0,"56":0,"57":0,"58":0,"59":0,"60":1,"61":0,"62":0,"63":0,"64":0,"65":0,"66":0,"67":0,"68":1,"69":0,"70":0,"71":0,"72":0,"73":0,"74":0,"75":0,"76":0,"77":0,"78":1,"79":0,"80":0,"81":0,"82":0,"83":0,"84":0,"85":0,"86":0,"87":0,"88":0,"89":0,"90":0,"91":0,"92":0,"93":0,"94":0,"95":0,"96":1,"97":0,"98":0,"99":0,"100":0,"101":0,"102":1,"103":0,"104":0,"105":0,"106":0,"107":0,"108":0,"109":0,"110":0,"111":0,"112":0,"113":0,"114":1,"115":0,"116":0,"117":0,"118":0,"119":0,"120":0,"121":0,"122":0,"123":0,"124":1,"125":0,"126":0,"127":0,"128":0,"129":0,"130":0,"131":0,"132":0,"133":0,"134":0,"135":0,"136":0,"137":0,"138":0,"139":0,"140":0,"141":0,"142":0,"143":0,"144":0,"145":0,"146":0,"147":0,"148":0,"149":0,"150":0,"151":0,"152":0,"153":0,"154":0,"155":1,"156":1,"157":1,"158":1,"159":1,"160":1,"161":0,"162":1,"163":0,"164":0,"165":0,"166":0,"167":0,"168":0,"169":0,"170":0,"171":0,"172":0},"b":{"1":[0,0],"2":[0,0],"3":[0,0,0,0],"4":[0,0],"5":[0,0,0],"6":[0,0],"7":[0,0],"8":[0,0],"9":[0,0],"10":[0,0],"11":[0,0],"12":[0,0],"13":[0,0],"14":[0,0],"15":[0,0],"16":[0,0],"17":[0,0],"18":[0,0],"19":[0,0],"20":[0,0],"21":[0,0],"22":[0,0],"23":[0,0],"24":[0,0],"25":[0,0],"26":[0,0],"27":[0,0],"28":[0,0],"29":[0,0],"30":[0,0],"31":[0,0],"32":[0,0],"33":[0,0],"34":[0,0],"35":[0,0],"36":[0,0],"37":[0,0],"38":[0,0],"39":[0,0],"40":[0,0],"41":[0,0],"42":[0,0],"43":[0,0],"44":[0,0],"45":[1,1]},"f":{"1":0,"2":0,"3":0,"4":0,"5":0,"6":0,"7":0,"8":0,"9":0,"10":0,"11":0,"12":0,"13":0,"14":0,"15":0,"16":0,"17":0,"18":0,"19":0,"20":0,"21":0,"22":0,"23":0,"24":0,"25":0,"26":0,"27":0,"28":0,"29":0,"30":0,"31":0,"32":0,"33":0,"34":0,"35":0,"36":0,"37":0},"fnMap":{"1":{"name":"getInputFile","line":23,"loc":{"start":{"line":23,"column":0},"end":{"line":23,"column":31}}},"2":{"name":"getOutputFile","line":34,"loc":{"start":{"line":34,"column":0},"end":{"line":34,"column":32}}},"3":{"name":"getSourceMap","line":51,"loc":{"start":{"line":51,"column":0},"end":{"line":51,"column":31}}},"4":{"name":"getStats","line":68,"loc":{"start":{"line":68,"column":0},"end":{"line":68,"column":27}}},"5":{"name":"endStats","line":85,"loc":{"start":{"line":85,"column":0},"end":{"line":85,"column":25}}},"6":{"name":"getStyle","line":99,"loc":{"start":{"line":99,"column":0},"end":{"line":99,"column":27}}},"7":{"name":"getIndentWidth","line":117,"loc":{"start":{"line":117,"column":0},"end":{"line":117,"column":33}}},"8":{"name":"getIndentType","line":130,"loc":{"start":{"line":130,"column":0},"end":{"line":130,"column":32}}},"9":{"name":"getLinefeed","line":146,"loc":{"start":{"line":146,"column":0},"end":{"line":146,"column":30}}},"10":{"name":"buildIncludePaths","line":165,"loc":{"start":{"line":165,"column":0},"end":{"line":165,"column":36}}},"11":{"name":"getOptions","line":189,"loc":{"start":{"line":189,"column":0},"end":{"line":189,"column":30}}},"12":{"name":"tryCallback","line":226,"loc":{"start":{"line":226,"column":0},"end":{"line":226,"column":37}}},"13":{"name":"normalizeFunctionSignature","line":251,"loc":{"start":{"line":251,"column":0},"end":{"line":251,"column":57}}},"14":{"name":"(anonymous_14)","line":259,"loc":{"start":{"line":259,"column":16},"end":{"line":259,"column":27}}},"15":{"name":"(anonymous_15)","line":286,"loc":{"start":{"line":286,"column":24},"end":{"line":286,"column":43}}},"16":{"name":"(anonymous_16)","line":290,"loc":{"start":{"line":290,"column":18},"end":{"line":290,"column":32}}},"17":{"name":"(anonymous_17)","line":298,"loc":{"start":{"line":298,"column":20},"end":{"line":298,"column":31}}},"18":{"name":"(anonymous_18)","line":317,"loc":{"start":{"line":317,"column":23},"end":{"line":317,"column":48}}},"19":{"name":"(anonymous_19)","line":318,"loc":{"start":{"line":318,"column":34},"end":{"line":318,"column":63}}},"20":{"name":"done","line":319,"loc":{"start":{"line":319,"column":10},"end":{"line":319,"column":32}}},"21":{"name":"(anonymous_21)","line":331,"loc":{"start":{"line":331,"column":25},"end":{"line":331,"column":54}}},"22":{"name":"done","line":332,"loc":{"start":{"line":332,"column":8},"end":{"line":332,"column":30}}},"23":{"name":"(anonymous_23)","line":350,"loc":{"start":{"line":350,"column":35},"end":{"line":350,"column":53}}},"24":{"name":"(anonymous_24)","line":353,"loc":{"start":{"line":353,"column":40},"end":{"line":353,"column":51}}},"25":{"name":"done","line":357,"loc":{"start":{"line":357,"column":8},"end":{"line":357,"column":28}}},"26":{"name":"(anonymous_26)","line":386,"loc":{"start":{"line":386,"column":28},"end":{"line":386,"column":43}}},"27":{"name":"(anonymous_27)","line":393,"loc":{"start":{"line":393,"column":23},"end":{"line":393,"column":48}}},"28":{"name":"(anonymous_28)","line":394,"loc":{"start":{"line":394,"column":34},"end":{"line":394,"column":55}}},"29":{"name":"(anonymous_29)","line":401,"loc":{"start":{"line":401,"column":25},"end":{"line":401,"column":46}}},"30":{"name":"(anonymous_30)","line":414,"loc":{"start":{"line":414,"column":35},"end":{"line":414,"column":55}}},"31":{"name":"(anonymous_31)","line":417,"loc":{"start":{"line":417,"column":40},"end":{"line":417,"column":51}}},"32":{"name":"processSassDeprecationMessage","line":465,"loc":{"start":{"line":465,"column":0},"end":{"line":465,"column":41}}},"33":{"name":"(anonymous_33)","line":470,"loc":{"start":{"line":470,"column":17},"end":{"line":470,"column":22}}},"34":{"name":"(anonymous_34)","line":471,"loc":{"start":{"line":471,"column":16},"end":{"line":471,"column":22}}},"35":{"name":"(anonymous_35)","line":472,"loc":{"start":{"line":472,"column":15},"end":{"line":472,"column":22}}},"36":{"name":"(anonymous_36)","line":473,"loc":{"start":{"line":473,"column":16},"end":{"line":473,"column":22}}},"37":{"name":"(anonymous_37)","line":474,"loc":{"start":{"line":474,"column":19},"end":{"line":474,"column":22}}}},"statementMap":{"1":{"start":{"line":5,"column":0},"end":{"line":8,"column":33}},"2":{"start":{"line":14,"column":0},"end":{"line":14,"column":41}},"3":{"start":{"line":23,"column":0},"end":{"line":25,"column":1}},"4":{"start":{"line":24,"column":2},"end":{"line":24,"column":58}},"5":{"start":{"line":34,"column":0},"end":{"line":42,"column":1}},"6":{"start":{"line":35,"column":2},"end":{"line":35,"column":32}},"7":{"start":{"line":37,"column":2},"end":{"line":39,"column":3}},"8":{"start":{"line":38,"column":4},"end":{"line":38,"column":16}},"9":{"start":{"line":41,"column":2},"end":{"line":41,"column":31}},"10":{"start":{"line":51,"column":0},"end":{"line":59,"column":1}},"11":{"start":{"line":52,"column":2},"end":{"line":52,"column":36}},"12":{"start":{"line":54,"column":2},"end":{"line":56,"column":3}},"13":{"start":{"line":55,"column":4},"end":{"line":55,"column":41}},"14":{"start":{"line":58,"column":2},"end":{"line":58,"column":85}},"15":{"start":{"line":68,"column":0},"end":{"line":75,"column":1}},"16":{"start":{"line":69,"column":2},"end":{"line":69,"column":17}},"17":{"start":{"line":71,"column":2},"end":{"line":71,"column":39}},"18":{"start":{"line":72,"column":2},"end":{"line":72,"column":27}},"19":{"start":{"line":74,"column":2},"end":{"line":74,"column":15}},"20":{"start":{"line":85,"column":0},"end":{"line":90,"column":1}},"21":{"start":{"line":86,"column":2},"end":{"line":86,"column":25}},"22":{"start":{"line":87,"column":2},"end":{"line":87,"column":43}},"23":{"start":{"line":89,"column":2},"end":{"line":89,"column":15}},"24":{"start":{"line":99,"column":0},"end":{"line":108,"column":1}},"25":{"start":{"line":100,"column":2},"end":{"line":105,"column":4}},"26":{"start":{"line":107,"column":2},"end":{"line":107,"column":42}},"27":{"start":{"line":117,"column":0},"end":{"line":121,"column":1}},"28":{"start":{"line":118,"column":2},"end":{"line":118,"column":49}},"29":{"start":{"line":120,"column":2},"end":{"line":120,"column":32}},"30":{"start":{"line":130,"column":0},"end":{"line":137,"column":1}},"31":{"start":{"line":131,"column":2},"end":{"line":134,"column":4}},"32":{"start":{"line":136,"column":2},"end":{"line":136,"column":40}},"33":{"start":{"line":146,"column":0},"end":{"line":155,"column":1}},"34":{"start":{"line":147,"column":2},"end":{"line":152,"column":4}},"35":{"start":{"line":154,"column":2},"end":{"line":154,"column":41}},"36":{"start":{"line":165,"column":0},"end":{"line":180,"column":1}},"37":{"start":{"line":166,"column":2},"end":{"line":166,"column":52}},"38":{"start":{"line":168,"column":2},"end":{"line":172,"column":3}},"39":{"start":{"line":169,"column":4},"end":{"line":171,"column":6}},"40":{"start":{"line":177,"column":2},"end":{"line":177,"column":46}},"41":{"start":{"line":179,"column":2},"end":{"line":179,"column":51}},"42":{"start":{"line":189,"column":0},"end":{"line":216,"column":1}},"43":{"start":{"line":190,"column":2},"end":{"line":192,"column":3}},"44":{"start":{"line":191,"column":4},"end":{"line":191,"column":58}},"45":{"start":{"line":193,"column":2},"end":{"line":193,"column":38}},"46":{"start":{"line":195,"column":2},"end":{"line":195,"column":59}},"47":{"start":{"line":196,"column":2},"end":{"line":198,"column":3}},"48":{"start":{"line":197,"column":4},"end":{"line":197,"column":41}},"49":{"start":{"line":199,"column":2},"end":{"line":199,"column":43}},"50":{"start":{"line":200,"column":2},"end":{"line":200,"column":52}},"51":{"start":{"line":201,"column":2},"end":{"line":201,"column":55}},"52":{"start":{"line":202,"column":2},"end":{"line":202,"column":44}},"53":{"start":{"line":203,"column":2},"end":{"line":203,"column":36}},"54":{"start":{"line":204,"column":2},"end":{"line":204,"column":48}},"55":{"start":{"line":205,"column":2},"end":{"line":205,"column":46}},"56":{"start":{"line":206,"column":2},"end":{"line":206,"column":42}},"57":{"start":{"line":209,"column":2},"end":{"line":209,"column":55}},"58":{"start":{"line":211,"column":2},"end":{"line":213,"column":4}},"59":{"start":{"line":215,"column":2},"end":{"line":215,"column":17}},"60":{"start":{"line":226,"column":0},"end":{"line":238,"column":1}},"61":{"start":{"line":227,"column":2},"end":{"line":237,"column":3}},"62":{"start":{"line":228,"column":4},"end":{"line":228,"column":38}},"63":{"start":{"line":230,"column":4},"end":{"line":236,"column":5}},"64":{"start":{"line":231,"column":6},"end":{"line":231,"column":40}},"65":{"start":{"line":232,"column":11},"end":{"line":236,"column":5}},"66":{"start":{"line":233,"column":6},"end":{"line":233,"column":48}},"67":{"start":{"line":235,"column":6},"end":{"line":235,"column":69}},"68":{"start":{"line":251,"column":0},"end":{"line":277,"column":1}},"69":{"start":{"line":252,"column":2},"end":{"line":271,"column":3}},"70":{"start":{"line":253,"column":4},"end":{"line":255,"column":5}},"71":{"start":{"line":254,"column":6},"end":{"line":254,"column":79}},"72":{"start":{"line":257,"column":4},"end":{"line":270,"column":6}},"73":{"start":{"line":260,"column":8},"end":{"line":262,"column":12}},"74":{"start":{"line":264,"column":8},"end":{"line":266,"column":9}},"75":{"start":{"line":265,"column":10},"end":{"line":265,"column":41}},"76":{"start":{"line":268,"column":8},"end":{"line":268,"column":42}},"77":{"start":{"line":273,"column":2},"end":{"line":276,"column":4}},"78":{"start":{"line":286,"column":0},"end":{"line":377,"column":2}},"79":{"start":{"line":287,"column":2},"end":{"line":287,"column":37}},"80":{"start":{"line":290,"column":2},"end":{"line":296,"column":4}},"81":{"start":{"line":291,"column":4},"end":{"line":291,"column":55}},"82":{"start":{"line":293,"column":4},"end":{"line":295,"column":5}},"83":{"start":{"line":294,"column":6},"end":{"line":294,"column":68}},"84":{"start":{"line":298,"column":2},"end":{"line":310,"column":4}},"85":{"start":{"line":299,"column":4},"end":{"line":299,"column":32}},"86":{"start":{"line":300,"column":4},"end":{"line":300,"column":39}},"87":{"start":{"line":301,"column":4},"end":{"line":305,"column":6}},"88":{"start":{"line":307,"column":4},"end":{"line":309,"column":5}},"89":{"start":{"line":308,"column":6},"end":{"line":308,"column":68}},"90":{"start":{"line":312,"column":2},"end":{"line":312,"column":34}},"91":{"start":{"line":314,"column":2},"end":{"line":343,"column":3}},"92":{"start":{"line":315,"column":4},"end":{"line":342,"column":5}},"93":{"start":{"line":316,"column":6},"end":{"line":316,"column":28}},"94":{"start":{"line":317,"column":6},"end":{"line":329,"column":9}},"95":{"start":{"line":318,"column":8},"end":{"line":328,"column":10}},"96":{"start":{"line":319,"column":10},"end":{"line":321,"column":11}},"97":{"start":{"line":320,"column":12},"end":{"line":320,"column":75}},"98":{"start":{"line":323,"column":10},"end":{"line":323,"column":71}},"99":{"start":{"line":325,"column":10},"end":{"line":327,"column":11}},"100":{"start":{"line":326,"column":12},"end":{"line":326,"column":25}},"101":{"start":{"line":331,"column":6},"end":{"line":341,"column":8}},"102":{"start":{"line":332,"column":8},"end":{"line":334,"column":9}},"103":{"start":{"line":333,"column":10},"end":{"line":333,"column":73}},"104":{"start":{"line":336,"column":8},"end":{"line":336,"column":70}},"105":{"start":{"line":338,"column":8},"end":{"line":340,"column":9}},"106":{"start":{"line":339,"column":10},"end":{"line":339,"column":23}},"107":{"start":{"line":345,"column":2},"end":{"line":345,"column":47}},"108":{"start":{"line":347,"column":2},"end":{"line":368,"column":3}},"109":{"start":{"line":348,"column":4},"end":{"line":348,"column":27}},"110":{"start":{"line":350,"column":4},"end":{"line":367,"column":7}},"111":{"start":{"line":351,"column":6},"end":{"line":351,"column":71}},"112":{"start":{"line":353,"column":6},"end":{"line":366,"column":8}},"113":{"start":{"line":354,"column":8},"end":{"line":355,"column":30}},"114":{"start":{"line":357,"column":8},"end":{"line":359,"column":9}},"115":{"start":{"line":358,"column":10},"end":{"line":358,"column":31}},"116":{"start":{"line":361,"column":8},"end":{"line":361,"column":87}},"117":{"start":{"line":363,"column":8},"end":{"line":365,"column":9}},"118":{"start":{"line":364,"column":10},"end":{"line":364,"column":23}},"119":{"start":{"line":370,"column":2},"end":{"line":376,"column":3}},"120":{"start":{"line":371,"column":4},"end":{"line":371,"column":28}},"121":{"start":{"line":372,"column":9},"end":{"line":376,"column":3}},"122":{"start":{"line":373,"column":4},"end":{"line":373,"column":32}},"123":{"start":{"line":375,"column":4},"end":{"line":375,"column":103}},"124":{"start":{"line":386,"column":0},"end":{"line":440,"column":2}},"125":{"start":{"line":387,"column":2},"end":{"line":387,"column":33}},"126":{"start":{"line":388,"column":2},"end":{"line":388,"column":34}},"127":{"start":{"line":390,"column":2},"end":{"line":407,"column":3}},"128":{"start":{"line":391,"column":4},"end":{"line":406,"column":5}},"129":{"start":{"line":392,"column":6},"end":{"line":392,"column":28}},"130":{"start":{"line":393,"column":6},"end":{"line":399,"column":9}},"131":{"start":{"line":394,"column":8},"end":{"line":398,"column":10}},"132":{"start":{"line":395,"column":10},"end":{"line":395,"column":65}},"133":{"start":{"line":397,"column":10},"end":{"line":397,"column":64}},"134":{"start":{"line":401,"column":6},"end":{"line":405,"column":8}},"135":{"start":{"line":402,"column":8},"end":{"line":402,"column":64}},"136":{"start":{"line":404,"column":8},"end":{"line":404,"column":62}},"137":{"start":{"line":409,"column":2},"end":{"line":409,"column":47}},"138":{"start":{"line":411,"column":2},"end":{"line":421,"column":3}},"139":{"start":{"line":412,"column":4},"end":{"line":412,"column":27}},"140":{"start":{"line":414,"column":4},"end":{"line":420,"column":7}},"141":{"start":{"line":415,"column":6},"end":{"line":415,"column":75}},"142":{"start":{"line":417,"column":6},"end":{"line":419,"column":8}},"143":{"start":{"line":418,"column":8},"end":{"line":418,"column":73}},"144":{"start":{"line":423,"column":2},"end":{"line":423,"column":13}},"145":{"start":{"line":424,"column":2},"end":{"line":430,"column":3}},"146":{"start":{"line":425,"column":4},"end":{"line":425,"column":41}},"147":{"start":{"line":426,"column":9},"end":{"line":430,"column":3}},"148":{"start":{"line":427,"column":4},"end":{"line":427,"column":45}},"149":{"start":{"line":429,"column":4},"end":{"line":429,"column":93}},"150":{"start":{"line":432,"column":2},"end":{"line":432,"column":30}},"151":{"start":{"line":434,"column":2},"end":{"line":437,"column":3}},"152":{"start":{"line":435,"column":4},"end":{"line":435,"column":42}},"153":{"start":{"line":436,"column":4},"end":{"line":436,"column":18}},"154":{"start":{"line":439,"column":2},"end":{"line":439,"column":54}},"155":{"start":{"line":448,"column":0},"end":{"line":448,"column":51}},"156":{"start":{"line":454,"column":0},"end":{"line":454,"column":37}},"157":{"start":{"line":455,"column":0},"end":{"line":455,"column":49}},"158":{"start":{"line":456,"column":0},"end":{"line":456,"column":51}},"159":{"start":{"line":457,"column":0},"end":{"line":457,"column":46}},"160":{"start":{"line":465,"column":0},"end":{"line":467,"column":1}},"161":{"start":{"line":466,"column":2},"end":{"line":466,"column":135}},"162":{"start":{"line":469,"column":0},"end":{"line":475,"column":2}},"163":{"start":{"line":470,"column":24},"end":{"line":470,"column":56}},"164":{"start":{"line":470,"column":57},"end":{"line":470,"column":84}},"165":{"start":{"line":471,"column":24},"end":{"line":471,"column":56}},"166":{"start":{"line":471,"column":57},"end":{"line":471,"column":85}},"167":{"start":{"line":472,"column":24},"end":{"line":472,"column":56}},"168":{"start":{"line":472,"column":57},"end":{"line":472,"column":84}},"169":{"start":{"line":473,"column":24},"end":{"line":473,"column":56}},"170":{"start":{"line":473,"column":57},"end":{"line":473,"column":85}},"171":{"start":{"line":474,"column":24},"end":{"line":474,"column":56}},"172":{"start":{"line":474,"column":57},"end":{"line":474,"column":83}}},"branchMap":{"1":{"line":24,"type":"cond-expr","locations":[{"start":{"line":24,"column":24},"end":{"line":24,"column":50}},{"start":{"line":24,"column":53},"end":{"line":24,"column":57}}]},"2":{"line":37,"type":"if","locations":[{"start":{"line":37,"column":2},"end":{"line":37,"column":2}},{"start":{"line":37,"column":2},"end":{"line":37,"column":2}}]},"3":{"line":37,"type":"binary-expr","locations":[{"start":{"line":37,"column":6},"end":{"line":37,"column":14}},{"start":{"line":37,"column":18},"end":{"line":37,"column":45}},{"start":{"line":37,"column":50},"end":{"line":37,"column":63}},{"start":{"line":37,"column":67},"end":{"line":37,"column":80}}]},"4":{"line":54,"type":"if","locations":[{"start":{"line":54,"column":2},"end":{"line":54,"column":2}},{"start":{"line":54,"column":2},"end":{"line":54,"column":2}}]},"5":{"line":54,"type":"binary-expr","locations":[{"start":{"line":54,"column":6},"end":{"line":54,"column":15}},{"start":{"line":54,"column":19},"end":{"line":54,"column":48}},{"start":{"line":54,"column":52},"end":{"line":54,"column":67}}]},"6":{"line":58,"type":"cond-expr","locations":[{"start":{"line":58,"column":54},"end":{"line":58,"column":77}},{"start":{"line":58,"column":80},"end":{"line":58,"column":84}}]},"7":{"line":58,"type":"binary-expr","locations":[{"start":{"line":58,"column":9},"end":{"line":58,"column":18}},{"start":{"line":58,"column":22},"end":{"line":58,"column":51}}]},"8":{"line":71,"type":"binary-expr","locations":[{"start":{"line":71,"column":16},"end":{"line":71,"column":28}},{"start":{"line":71,"column":32},"end":{"line":71,"column":38}}]},"9":{"line":107,"type":"binary-expr","locations":[{"start":{"line":107,"column":9},"end":{"line":107,"column":36}},{"start":{"line":107,"column":40},"end":{"line":107,"column":41}}]},"10":{"line":118,"type":"binary-expr","locations":[{"start":{"line":118,"column":14},"end":{"line":118,"column":43}},{"start":{"line":118,"column":47},"end":{"line":118,"column":48}}]},"11":{"line":120,"type":"cond-expr","locations":[{"start":{"line":120,"column":22},"end":{"line":120,"column":23}},{"start":{"line":120,"column":26},"end":{"line":120,"column":31}}]},"12":{"line":136,"type":"binary-expr","locations":[{"start":{"line":136,"column":9},"end":{"line":136,"column":34}},{"start":{"line":136,"column":38},"end":{"line":136,"column":39}}]},"13":{"line":154,"type":"binary-expr","locations":[{"start":{"line":154,"column":9},"end":{"line":154,"column":32}},{"start":{"line":154,"column":36},"end":{"line":154,"column":40}}]},"14":{"line":166,"type":"binary-expr","locations":[{"start":{"line":166,"column":25},"end":{"line":166,"column":45}},{"start":{"line":166,"column":49},"end":{"line":166,"column":51}}]},"15":{"line":168,"type":"if","locations":[{"start":{"line":168,"column":2},"end":{"line":168,"column":2}},{"start":{"line":168,"column":2},"end":{"line":168,"column":2}}]},"16":{"line":190,"type":"if","locations":[{"start":{"line":190,"column":2},"end":{"line":190,"column":2}},{"start":{"line":190,"column":2},"end":{"line":190,"column":2}}]},"17":{"line":193,"type":"binary-expr","locations":[{"start":{"line":193,"column":26},"end":{"line":193,"column":30}},{"start":{"line":193,"column":34},"end":{"line":193,"column":36}}]},"18":{"line":195,"type":"binary-expr","locations":[{"start":{"line":195,"column":27},"end":{"line":195,"column":49}},{"start":{"line":195,"column":53},"end":{"line":195,"column":58}}]},"19":{"line":196,"type":"if","locations":[{"start":{"line":196,"column":2},"end":{"line":196,"column":2}},{"start":{"line":196,"column":2},"end":{"line":196,"column":2}}]},"20":{"line":201,"type":"binary-expr","locations":[{"start":{"line":201,"column":22},"end":{"line":201,"column":49}},{"start":{"line":201,"column":53},"end":{"line":201,"column":54}}]},"21":{"line":230,"type":"if","locations":[{"start":{"line":230,"column":4},"end":{"line":230,"column":4}},{"start":{"line":230,"column":4},"end":{"line":230,"column":4}}]},"22":{"line":232,"type":"if","locations":[{"start":{"line":232,"column":11},"end":{"line":232,"column":11}},{"start":{"line":232,"column":11},"end":{"line":232,"column":11}}]},"23":{"line":252,"type":"if","locations":[{"start":{"line":252,"column":2},"end":{"line":252,"column":2}},{"start":{"line":252,"column":2},"end":{"line":252,"column":2}}]},"24":{"line":253,"type":"if","locations":[{"start":{"line":253,"column":4},"end":{"line":253,"column":4}},{"start":{"line":253,"column":4},"end":{"line":253,"column":4}}]},"25":{"line":293,"type":"if","locations":[{"start":{"line":293,"column":4},"end":{"line":293,"column":4}},{"start":{"line":293,"column":4},"end":{"line":293,"column":4}}]},"26":{"line":307,"type":"if","locations":[{"start":{"line":307,"column":4},"end":{"line":307,"column":4}},{"start":{"line":307,"column":4},"end":{"line":307,"column":4}}]},"27":{"line":314,"type":"if","locations":[{"start":{"line":314,"column":2},"end":{"line":314,"column":2}},{"start":{"line":314,"column":2},"end":{"line":314,"column":2}}]},"28":{"line":315,"type":"if","locations":[{"start":{"line":315,"column":4},"end":{"line":315,"column":4}},{"start":{"line":315,"column":4},"end":{"line":315,"column":4}}]},"29":{"line":320,"type":"cond-expr","locations":[{"start":{"line":320,"column":60},"end":{"line":320,"column":64}},{"start":{"line":320,"column":67},"end":{"line":320,"column":73}}]},"30":{"line":325,"type":"if","locations":[{"start":{"line":325,"column":10},"end":{"line":325,"column":10}},{"start":{"line":325,"column":10},"end":{"line":325,"column":10}}]},"31":{"line":333,"type":"cond-expr","locations":[{"start":{"line":333,"column":58},"end":{"line":333,"column":62}},{"start":{"line":333,"column":65},"end":{"line":333,"column":71}}]},"32":{"line":338,"type":"if","locations":[{"start":{"line":338,"column":8},"end":{"line":338,"column":8}},{"start":{"line":338,"column":8},"end":{"line":338,"column":8}}]},"33":{"line":347,"type":"if","locations":[{"start":{"line":347,"column":2},"end":{"line":347,"column":2}},{"start":{"line":347,"column":2},"end":{"line":347,"column":2}}]},"34":{"line":363,"type":"if","locations":[{"start":{"line":363,"column":8},"end":{"line":363,"column":8}},{"start":{"line":363,"column":8},"end":{"line":363,"column":8}}]},"35":{"line":370,"type":"if","locations":[{"start":{"line":370,"column":2},"end":{"line":370,"column":2}},{"start":{"line":370,"column":2},"end":{"line":370,"column":2}}]},"36":{"line":372,"type":"if","locations":[{"start":{"line":372,"column":9},"end":{"line":372,"column":9}},{"start":{"line":372,"column":9},"end":{"line":372,"column":9}}]},"37":{"line":390,"type":"if","locations":[{"start":{"line":390,"column":2},"end":{"line":390,"column":2}},{"start":{"line":390,"column":2},"end":{"line":390,"column":2}}]},"38":{"line":391,"type":"if","locations":[{"start":{"line":391,"column":4},"end":{"line":391,"column":4}},{"start":{"line":391,"column":4},"end":{"line":391,"column":4}}]},"39":{"line":397,"type":"cond-expr","locations":[{"start":{"line":397,"column":50},"end":{"line":397,"column":54}},{"start":{"line":397,"column":57},"end":{"line":397,"column":63}}]},"40":{"line":404,"type":"cond-expr","locations":[{"start":{"line":404,"column":48},"end":{"line":404,"column":52}},{"start":{"line":404,"column":55},"end":{"line":404,"column":61}}]},"41":{"line":411,"type":"if","locations":[{"start":{"line":411,"column":2},"end":{"line":411,"column":2}},{"start":{"line":411,"column":2},"end":{"line":411,"column":2}}]},"42":{"line":424,"type":"if","locations":[{"start":{"line":424,"column":2},"end":{"line":424,"column":2}},{"start":{"line":424,"column":2},"end":{"line":424,"column":2}}]},"43":{"line":426,"type":"if","locations":[{"start":{"line":426,"column":9},"end":{"line":426,"column":9}},{"start":{"line":426,"column":9},"end":{"line":426,"column":9}}]},"44":{"line":434,"type":"if","locations":[{"start":{"line":434,"column":2},"end":{"line":434,"column":2}},{"start":{"line":434,"column":2},"end":{"line":434,"column":2}}]},"45":{"line":469,"type":"binary-expr","locations":[{"start":{"line":469,"column":15},"end":{"line":469,"column":27}},{"start":{"line":469,"column":31},"end":{"line":475,"column":1}}]}},"code":["/*!"," * node-sass: lib/index.js"," */","","var path = require('path'),","  clonedeep = require('lodash.clonedeep'),","  assign = require('lodash.assign'),","  sass = require('./extensions');","","/**"," * Require binding"," */","","var binding = require('./binding')(sass);","","/**"," * Get input file"," *"," * @param {Object} options"," * @api private"," */","","function getInputFile(options) {","  return options.file ? path.resolve(options.file) : null;","}","","/**"," * Get output file"," *"," * @param {Object} options"," * @api private"," */","","function getOutputFile(options) {","  var outFile = options.outFile;","","  if (!outFile || typeof outFile !== 'string' || (!options.data && !options.file)) {","    return null;","  }","","  return path.resolve(outFile);","}","","/**"," * Get source map"," *"," * @param {Object} options"," * @api private"," */","","function getSourceMap(options) {","  var sourceMap = options.sourceMap;","","  if (sourceMap && typeof sourceMap !== 'string' && options.outFile) {","    sourceMap = options.outFile + '.map';","  }","","  return sourceMap && typeof sourceMap === 'string' ? path.resolve(sourceMap) : null;","}","","/**"," * Get stats"," *"," * @param {Object} options"," * @api private"," */","","function getStats(options) {","  var stats = {};","","  stats.entry = options.file || 'data';","  stats.start = Date.now();","","  return stats;","}","","/**"," * End stats"," *"," * @param {Object} stats"," * @param {Object} sourceMap"," * @api private"," */","","function endStats(stats) {","  stats.end = Date.now();","  stats.duration = stats.end - stats.start;","","  return stats;","}","","/**"," * Get style"," *"," * @param {Object} options"," * @api private"," */","","function getStyle(options) {","  var styles = {","    nested: 0,","    expanded: 1,","    compact: 2,","    compressed: 3","  };","","  return styles[options.outputStyle] || 0;","}","","/**"," * Get indent width"," *"," * @param {Object} options"," * @api private"," */","","function getIndentWidth(options) {","  var width = parseInt(options.indentWidth) || 2;","","  return width > 10 ? 2 : width;","}","","/**"," * Get indent type"," *"," * @param {Object} options"," * @api private"," */","","function getIndentType(options) {","  var types = {","    space: 0,","    tab: 1","  };","","  return types[options.indentType] || 0;","}","","/**"," * Get linefeed"," *"," * @param {Object} options"," * @api private"," */","","function getLinefeed(options) {","  var feeds = {","    cr: '\\r',","    crlf: '\\r\\n',","    lf: '\\n',","    lfcr: '\\n\\r'","  };","","  return feeds[options.linefeed] || '\\n';","}","","/**"," * Build an includePaths string"," * from the options.includePaths array and the SASS_PATH environment variable"," *"," * @param {Object} options"," * @api private"," */","","function buildIncludePaths(options) {","  options.includePaths = options.includePaths || [];","","  if (process.env.hasOwnProperty('SASS_PATH')) {","    options.includePaths = options.includePaths.concat(","      process.env.SASS_PATH.split(path.delimiter)","    );","  }","","  // Preserve the behaviour people have come to expect.","  // This behaviour was removed from Sass in 3.4 and","  // LibSass in 3.5.","  options.includePaths.unshift(process.cwd());","","  return options.includePaths.join(path.delimiter);","}","","/**"," * Get options"," *"," * @param {Object} options"," * @api private"," */","","function getOptions(opts, cb) {","  if (typeof opts !== 'object') {","    throw new Error('Invalid: options is not an object.');","  }","  var options = clonedeep(opts || {});","","  options.sourceComments = options.sourceComments || false;","  if (options.hasOwnProperty('file')) {","    options.file = getInputFile(options);","  }","  options.outFile = getOutputFile(options);","  options.includePaths = buildIncludePaths(options);","  options.precision = parseInt(options.precision) || 5;","  options.sourceMap = getSourceMap(options);","  options.style = getStyle(options);","  options.indentWidth = getIndentWidth(options);","  options.indentType = getIndentType(options);","  options.linefeed = getLinefeed(options);","","  // context object represents node-sass environment","  options.context = { options: options, callback: cb };","","  options.result 
[...]
t":{"line":234,"column":13},"end":{"line":234,"column":41}},{"start":{"line":235,"column":13},"end":{"line":235,"column":52}},{"start":{"line":236,"column":14},"end":{"line":236,"column":32}},{"start":{"line":236,"column":36},"end":{"line":236,"column":65}},{"start":{"line":237,"column":13},"end":{"line":237,"column":66}}]},"22":{"line":259,"type":"if","locations":[{"start":{"line":259,"column":2},"end":{"line":259,"column":2}},{"start":{"line":259,"column":2},"end":{"line":259,"column":2}}]},"23":{"line":261,"type":"if","locations":[{"start":{"line":261,"column":9},"end":{"line":261,"column":9}},{"start":{"line":261,"column":9},"end":{"line":261,"column":9}}]},"24":{"line":263,"type":"if","locations":[{"start":{"line":263,"column":9},"end":{"line":263,"column":9}},{"start":{"line":263,"column":9},"end":{"line":263,"column":9}}]},"25":{"line":265,"type":"if","locations":[{"start":{"line":265,"column":9},"end":{"line":265,"column":9}},{"start":{"line":265,"column":9},"end":{"line":265,"column":9}}]},"26":{"line":265,"type":"binary-expr","locations":[{"start":{"line":265,"column":13},"end":{"line":265,"column":31}},{"start":{"line":265,"column":35},"end":{"line":265,"column":64}}]},"27":{"line":339,"type":"if","locations":[{"start":{"line":339,"column":4},"end":{"line":339,"column":4}},{"start":{"line":339,"column":4},"end":{"line":339,"column":4}}]},"28":{"line":380,"type":"if","locations":[{"start":{"line":380,"column":2},"end":{"line":380,"column":2}},{"start":{"line":380,"column":2},"end":{"line":380,"column":2}}]},"29":{"line":389,"type":"if","locations":[{"start":{"line":389,"column":4},"end":{"line":389,"column":4}},{"start":{"line":389,"column":4},"end":{"line":389,"column":4}}]},"30":{"line":393,"type":"if","locations":[{"start":{"line":393,"column":4},"end":{"line":393,"column":4}},{"start":{"line":393,"column":4},"end":{"line":393,"column":4}}]}},"code":["/*!"," * node-sass: lib/extensions.js"," */","","var eol = require('os').EOL,","  fs = require('fs'),","  pkg = require('../package.json'),","  mkdir = require('mkdirp'),","  path = require('path'),","  defaultBinaryPath = path.join(__dirname, '..', 'vendor');","","/**"," * Get the human readable name of the Platform that is running"," *"," * @param  {string} platform - An OS platform to match, or null to fallback to"," * the current process platform"," * @return {Object} The name of the platform if matched, false otherwise"," *"," * @api public"," */","function getHumanPlatform(platform) {","  switch (platform || process.platform) {","    case 'darwin': return 'OS X';","    case 'freebsd': return 'FreeBSD';","    case 'linux': return 'Linux';","    case 'linux_musl': return 'Linux/musl';","    case 'win32': return 'Windows';","    default: return false;","  }","}","","/**"," * Provides a more readable version of the architecture"," *"," * @param  {string} arch - An instruction architecture name to match, or null to"," * lookup the current process architecture"," * @return {Object} The value of the process architecture, or false if unknown"," *"," * @api public"," */","function getHumanArchitecture(arch) {","  switch (arch || process.arch) {","    case 'ia32': return '32-bit';","    case 'x86': return '32-bit';","    case 'x64': return '64-bit';","    default: return false;","  }","}","","/**"," * Get the friendly name of the Node environment being run"," *"," * @param  {Object} abi - A Node Application Binary Interface value, or null to"," * fallback to the current Node ABI"," * @return {Object} Returns a string name of the Node environment or false if"," * unmatched"," *"," * @api public"," */","function getHumanNodeVersion(abi) {","  switch (parseInt(abi || process.versions.modules, 10)) {","    case 11: return 'Node 0.10.x';","    case 14: return 'Node 0.12.x';","    case 42: return 'io.js 1.x';","    case 43: return 'io.js 1.1.x';","    case 44: return 'io.js 2.x';","    case 45: return 'io.js 3.x';","    case 46: return 'Node.js 4.x';","    case 47: return 'Node.js 5.x';","    case 48: return 'Node.js 6.x';","    case 51: return 'Node.js 7.x';","    case 54: return 'Node.js 8.x';","    default: return false;","  }","}","","/**"," * Get a human readable description of where node-sass is running to support"," * user error reporting when something goes wrong"," *"," * @param  {string} env - The name of the native bindings that is to be parsed"," * @return {string} A description of what os, architecture, and Node version"," * that is being run"," *"," * @api public"," */","function getHumanEnvironment(env) {","  var binding = env.replace(/_binding\\.node$/, ''),","    parts = binding.split('-'),","    platform = getHumanPlatform(parts[0]),","    arch = getHumanArchitecture(parts[1]),","    runtime = getHumanNodeVersion(parts[2]);","","  if (parts.length !== 3) {","    return 'Unknown environment (' + binding + ')';","  }","","  if (!platform) {","    platform = 'Unsupported platform (' + parts[0] + ')';","  }","","  if (!arch) {","    arch = 'Unsupported architecture (' + parts[1] + ')';","  }","","  if (!runtime) {","    runtime = 'Unsupported runtime (' + parts[2] + ')';","  }","","  return [","    platform, arch, 'with', runtime,","  ].join(' ');","}","","/**"," * Get the value of the binaries under the default path"," *"," * @return {Array} The currently installed node-sass bindings"," *"," * @api public"," */","function getInstalledBinaries() {","  return fs.readdirSync(defaultBinaryPath);","}","","/**"," * Check that an environment matches the whitelisted values or the current"," * environment if no parameters are passed"," *"," * @param  {string} platform - The name of the OS platform(darwin, win32, etc...)"," * @param  {string} arch - The instruction set architecture of the Node environment"," * @param  {string} abi - The Node Application Binary Interface"," * @return {Boolean} True, if node-sass supports the current platform, false otherwise"," *"," * @api public"," */","function isSupportedEnvironment(platform, arch, abi) {","  return (","    false !== getHumanPlatform(platform) &&","    false !== getHumanArchitecture(arch) &&","    false !== getHumanNodeVersion(abi)","  );","}","","/**"," * Get the value of a CLI argument"," *"," * @param {String} name"," * @param {Array} args"," * @api private"," */","","function getArgument(name, args) {","  var flags = args || process.argv.slice(2),","    index = flags.lastIndexOf(name);","","  if (index === -1 || index + 1 >= flags.length) {","    return null;","  }","","  return flags[index + 1];","}","","/**"," * Get binary name."," * If environment variable SASS_BINARY_NAME,"," * .npmrc variable sass_binary_name or"," * process argument --binary-name is provided,"," * return it as is, otherwise make default binary"," * name: {platform}-{arch}-{v8 version}.node"," *"," * @api public"," */","","function getBinaryName() {","  var binaryName,","    variant,","    platform = process.platform;","","  if (getArgument('--sass-binary-name')) {","    binaryName = getArgument('--sass-binary-name');","  } else if (process.env.SASS_BINARY_NAME) {","    binaryName = process.env.SASS_BINARY_NAME;","  } else if (process.env.npm_config_sass_binary_name) {","    binaryName = process.env.npm_config_sass_binary_name;","  } else if (pkg.nodeSassConfig && pkg.nodeSassConfig.binaryName) {","    binaryName = pkg.nodeSassConfig.binaryName;","  } else {","    variant = getPlatformVariant();","    if (variant) {","      platform += '_' + variant;","    }","","    binaryName = [","      platform, '-',","      process.arch, '-',","      process.versions.modules","    ].join('');","  }","","  return [binaryName, 'binding.node'].join('_');","}","","/**"," * Determine the URL to fetch binary file from."," * By default fetch from the node-sass distribution"," * site on GitHub."," *"," * The default URL can be overriden using"," * the environment variable SASS_BINARY_SITE,"," * .npmrc variable sass_binary_site or"," * or a command line option --sass-binary-site:"," *"," *   node scripts/install.js --sass-binary-site http://example.com/"," *"," * The URL should to the mirror of the repository"," * laid out as follows:"," *"," * SASS_BINARY_SITE/"," *"," *  v3.0.0"," *  v3.0.0/freebsd-x64-14_binding.node"," *  ...."," *  v3.0.0"," *  v3.0.0/freebsd-ia32-11_binding.node"," *  v3.0.0/freebsd-x64-42_binding.node"," *  ... etc. for all supported versions and platforms"," *"," * @api public"," */","","function getBinaryUrl() {","  var site = getArgument('--sass-binary-site') ||","             process.env.SASS_BINARY_SITE  ||","             process.env.npm_config_sass_binary_site ||","             (pkg.nodeSassConfig && pkg.nodeSassConfig.binarySite) ||","             'https://github.com/sass/node-sass/releases/download';","","  return [site, 'v' + pkg.version, getBinaryName()].join('/');","}","","/**"," * Get binary path."," * If environment variable SASS_BINARY_PATH,"," * .npmrc variable sass_binary_path or"," * process argument --sass-binary-path is provided,"," * select it by appending binary name, otherwise"," * make default binary path using binary name."," * Once the primary selection is made, check if"," * callers wants to throw if file not exists before"," * returning."," *"," * @api public"," */","","function getBinaryPath() {","  var binaryPath;","","  if (getArgument('--sass-binary-path')) {","    binaryPath = getArgument('--sass-binary-path');","  } else if (process.env.SASS_BINARY_PATH) {","    binaryPath = process.env.SASS_BINARY_PATH;","  } else if (process.env.npm_config_sass_binary_path) {","    binaryPath = process.env.npm_config_sass_binary_path;","  } else if (pkg.nodeSassConfig && pkg.nodeSassConfig.binaryPath) {","    binaryPath = pkg.nodeSassConfig.binaryPath;","  } else {","    binaryPath = path.join(defaultBinaryPath, getBinaryName().replace(/_(?=binding\\.node)/, '/'));","  }","","  return binaryPath;","}","","/**"," * An array of paths suitable for use as a local disk cache of the binding."," *"," * @return {[]String} an array of paths"," * @api public"," */","function getCachePathCandidates() {","  return [","    process.env.npm_config_sass_binary_cache,","    process.env.npm_config_cache,","  ].filter(function(_) { return _; });","}","","/**"," * The most suitable location for caching the binding on disk."," *"," * Given the candidates directories provided by `getCachePathCandidates()` this"," * returns the first writable directory. By treating the candidate directories"," * as a prioritised list this method is deterministic, assuming no change to the"," * local environment."," *"," * @return {String} directory to cache binding"," * @api public"," */","function getBinaryCachePath() {","  var i,","    cachePath,","    cachePathCandidates = getCachePathCandidates();","","  for (i = 0; i < cachePathCandidates.length; i++) {","    cachePath = path.join(cachePathCandidates[i], pkg.name, pkg.version);","","    try {","      mkdir.sync(cachePath);","      return cachePath;","    } catch (e) {","      // Directory is not writable, try another","    }","  }","","  return '';","}","","/**"," * The cached binding"," *"," * Check the candidates directories provided by `getCachePathCandidates()` for"," * the binding file, if it exists. By treating the candidate directories"," * as a prioritised list this method is deterministic, assuming no change to the"," * local environment."," *"," * @return {String} path to cached binary"," * @api public"," */","function getCachedBinary() {","  var i,","    cachePath,","    cacheBinary,","    cachePathCandidates = getCachePathCandidates(),","    binaryName = getBinaryName();","","  for (i = 0; i < cachePathCandidates.length; i++) {","    cachePath = path.join(cachePathCandidates[i], pkg.name, pkg.version);","    cacheBinary = path.join(cachePath, binaryName);","","    if (fs.existsSync(cacheBinary)) {","      return cacheBinary;","    }","  }","","  return '';","}","","/**"," * Does the supplied binary path exist"," *"," * @param {String} binaryPath"," * @api public"," */","","function hasBinary(binaryPath) {","  return fs.existsSync(binaryPath);","}","","/**"," * Get Sass version information"," *"," * @api public"," */","","function getVersionInfo(binding) {","  return [","    ['node-sass', pkg.version, '(Wrapper)', '[JavaScript]'].join('\\t'),","    ['libsass  ', binding.libsassVersion(), '(Sass Compiler)', '[C/C++]'].join('\\t'),","  ].join(eol);","}","","/**"," * Gets the platform variant, currently either an empty string or 'musl' for Linux/musl platforms."," *"," * @api public"," */","","function getPlatformVariant() {","  var contents = '';","","  if (process.platform !== 'linux') {","    return '';","  }","","  try {","    contents = fs.readFileSync(process.execPath);","","    // Buffer.indexOf was added in v1.5.0 so cast to string for old node","    // Delay contents.toStrings because it's expensive","    if (!contents.indexOf) {","      contents = contents.toString();","    }","","    if (contents.indexOf('libc.musl-x86_64.so.1') !== -1) {","      return 'musl';","    }","  } catch (err) { } // eslint-disable-line no-empty","","  return '';","}","","module.exports.hasBinary = hasBinary;","module.exports.getBinaryUrl = getBinaryUrl;","module.exports.getBinaryName = getBinaryName;","module.exports.getBinaryPath = getBinaryPath;","module.exports.getBinaryCachePath = getBinaryCachePath;","module.exports.getCachedBinary = getCachedBinary;","module.exports.getCachePathCandidates = getCachePathCandidates;","module.exports.getVersionInfo = getVersionInfo;","module.exports.getHumanEnvironment = getHumanEnvironment;","module.exports.getInstalledBinaries = getInstalledBinaries;","module.exports.isSupportedEnvironment = isSupportedEnvironment;",""],"l":{"5":1,"21":1,"22":0,"23":0,"24":0,"25":0,"26":0,"27":0,"28":0,"41":1,"42":0,"43":0,"44":0,"45":0,"46":0,"60":1,"61":0,"62":0,"63":0,"64":0,"65":0,"66":0,"67":0,"68":0,"69":0,"70":0,"71":0,"72":0,"73":0,"87":1,"88":0,"94":0,"95":0,"98":0,"99":0,"102":0,"103":0,"106":0,"107":0,"110":0,"122":1,"123":0,"137":1,"138":0,"153":1,"154":4,"157":4,"158":4,"161":0,"175":1,"176":2,"180":2,"181":0,"182":2,"183":0,"184":2,"185":0,"186":2,"187":0,"189":2,"190":2,"191":0,"194":2,"201":2,"232":1,"233":0,"239":0,"256":1,"257":2,"259":2,"260":0,"261":2,"262":0,"263":2,"264":0,"265":2,"266":0,"268":2,"271":2,"280":1,"281":0,"284":0,"298":1,"299":0,"303":0,"304":0,"306":0,"307":0,"308":0,"314":0,"328":1,"329":0,"335":0,"336":0,"337":0,"339":0,"340":0,"344":0,"354":1,"355":1,"364":1,"365":1,"377":1,"378":2,"380":2,"381":0,"384":2,"385":2,"389":2,"390":0,"393":2,"394":0,"398":2,"401":1,"402":1,"403":1,"404":1,"405":1,"406":1,"407":1,"408":1,"409":1,"410":1,"411":1}},"/home/travis/build/npmtest/node-npmtest-node-sass/node-sass/lib/binding.js":{"path":"/home/travis/build/npmtest/node-npmtest-node-sass/node-sass/lib/binding.js","s":{"1":1,"2":1,"3":1,"4":0,"5":0,"6":0,"7":1},"b":{"1":[0,1],"2":[0,0]},"f":{"1":1},"fnMap":{"1":{"name":"(anonymous_1)","line":10,"loc":{"start":{"line":10,"column":17},"end":{"line":10,"column":31}}}},"statementMap":{"1":{"start":{"line":5,"column":0},"end":{"line":5,"column":33}},"2":{"start":{"line":10,"column":0},"end":{"line":20,"column":2}},"3":{"start":{"line":11,"column":2},"end":{"line":17,"column":3}},"4":{"start":{"line":12,"column":4},"end":{"line":16,"column":5}},"5":{"start":{"line":13,"column":6},"end":{"line":13,"column":55}},"6":{"start":{"line":15,"column":6},"end":{"line":15,"column":46}},"7":{"start":{"line":19,"column":2},"end":{"line":19,"column":38}}},"branchMap":{"1":{"line":11,"type":"if","locations":[{"start":{"line":11,"column":2},"end":{"line":11,"column":2}},{"start":{"line":11,"column":2},"end":{"line":11,"column":2}}]},"2":{"line":12,"type":"if","locations":[{"start":{"line":12,"column":4},"end":{"line":12,"column":4}},{"start":{"line":12,"column":4},"end":{"line":12,"column":4}}]}},"code":["/*!"," * node-sass: lib/binding.js"," */","","var errors = require('./errors');","","/**"," * Require binding"," */","module.exports = function(ext) {","  if (!ext.hasBinary(ext.getBinaryPath())) {","    if (!ext.isSupportedEnvironment()) {","      throw new Error(errors.unsupportedEnvironment());","    } else {","      throw new Error(errors.missingBinary());","    }","  }","","  return require(ext.getBinaryPath());","};",""],"l":{"5":1,"10":1,"11":1,"12":0,"13":0,"15":0,"19":1}},"/home/travis/build/npmtest/node-npmtest-node-sass/node-sass/lib/errors.js":{"path":"/home/travis/build/npmtest/node-npmtest-node-sass/node-sass/lib/errors.js","s":{"1":1,"2":1,"3":0,"4":1,"5":0,"6":1,"7":0,"8":0,"9":1,"10":0,"11":1,"12":0,"13":1,"14":0},"b":{},"f":{"1":0,"2":0,"3":0,"4":0,"5":0,"6":0,"7":0},"fnMap":{"1":{"name":"humanEnvironment","line":8,"loc":{"start":{"line":8,"column":0},"end":{"line":8,"column":28}}},"2":{"name":"foundBinaries","line":12,"loc":{"start":{"line":12,"column":0},"end":{"line":12,"column":25}}},"3":{"name":"foundBinariesList","line":19,"loc":{"start":{"line":19,"column":0},"end":{"line":19,"column":29}}},"4":{"name":"(anonymous_4)","line":20,"loc":{"start":{"line":20,"column":41},"end":{"line":20,"column":55}}},"5":{"name":"missingBinaryFooter","line":25,"loc":{"start":{"line":25,"column":0},"end":{"line":25,"column":31}}},"6":{"name":"(anonymous_6)","line":32,"loc":{"start":{"line":32,"column":40},"end":{"line":32,"column":51}}},"7":{"name":"(anonymous_7)","line":40,"loc":{"start":{"line":40,"column":31},"end":{"line":40,"column":42}}}},"statementMap":{"1":{"start":{"line":5,"column":0},"end":{"line":6,"column":35}},"2":{"start":{"line":8,"column":0},"end":{"line":10,"column":1}},"3":{"start":{"line":9,"column":2},"end":{"line":9,"column":56}},"4":{"start":{"line":12,"column":0},"end":{"line":17,"column":1}},"5":{"start":{"line":13,"column":2},"end":{"line":16,"column":15}},"6":{"start":{"line":19,"column":0},"end":{"line":23,"column":1}},"7":{"start":{"line":20,"column":2},"end":{"line":22,"column":16}},"8":{"start":{"line":21,"column":4},"end":{"line":21,"column":50}},"9":{"start":{"line":25,"column":0},"end":{"line":30,"column":1}},"10":{"start":{"line":26,"column":2},"end":{"line":29,"column":15}},"11":{"start":{"line":32,"column":0},"end":{"line":38,"column":2}},"12":{"start":{"line":33,"column":2},"end":{"line":37,"column":15}},"13":{"start":{"line":40,"column":0},"end":{"line":49,"column":2}},"14":{"start":{"line":41,"column":2},"end":{"line":48,"column":15}}},"branchMap":{},"code":["/*!"," * node-sass: lib/errors.js"," */","","var sass = require('./extensions'),","  pkg = require('../package.json');","","function humanEnvironment() {","  return sass.getHumanEnvironment(sass.getBinaryName());","}","","function foundBinaries() {","  return [","    'Found bindings for the following environments:',","    foundBinariesList(),","  ].join('\\n');","}","","function foundBinariesList() {","  return sass.getInstalledBinaries().map(function(env) {","    return '  - ' + sass.getHumanEnvironment(env);","  }).join('\\n');","}","","function missingBinaryFooter() {","  return [","    'This usually happens because your environment has changed since running `npm install`.',","    'Run `npm rebuild node-sass --force` to build the binding for your current environment.',","  ].join('\\n');","}","","module.exports.unsupportedEnvironment = function() {","  return [","    'Node Sass does not yet support your current environment: ' + humanEnvironment(),","    'For more information on which environments are supported please see:',","    'https://github.com/sass/node-sass/releases/tag/v' + pkg.version","  ].join('\\n');","};","","module.exports.missingBinary = function() {","  return [","    'Missing binding ' + sass.getBinaryPath(),","    'Node Sass could not find a binding for your current environment: ' + humanEnvironment(),","    '',","    foundBinaries(),","    '',","    missingBinaryFooter(),","  ].join('\\n');","};",""],"l":{"5":1,"8":1,"9":0,"12":1,"13":0,"19":1,"20":0,"21":0,"25":1,"26":0,"32":1,"33":0,"40":1,"41":0}}}